T382C 000:001.463   SEGGER J-Link V7.84d Log File
T382C 000:001.702   DLL Compiled: Jan 25 2023 15:51:00
T382C 000:001.713   Logging started @ 2024-12-22 12:08
T382C 000:001.734 - 1.739ms
T382C 000:001.765 JLINK_GetDLLVersion()
T382C 000:001.774 - 0.013ms returns 78404
T382C 000:020.753 JLINK_OpenEx(...)
T382C 000:128.898   Firmware: J-Link OB RX621-ARM-SWD V1 compiled Mar  8 2017 13:46:30
T382C 000:178.378   Firmware: J-Link OB RX621-ARM-SWD V1 compiled Mar  8 2017 13:46:30
T382C 000:178.996   Decompressing FW timestamp took 419 us
T382C 000:235.124   Hardware: V2.10
T382C 000:235.221   S/N: 708001557
T382C 000:235.257   OEM: SEGGER
T382C 000:235.293   Feature(s): None
T382C 000:237.312   TELNET listener socket opened on port 19021
T382C 000:238.022   WEBSRV WEBSRV_Init(): Starting webserver thread(s)
T382C 000:238.369   WEBSRV Webserver running on local port 19080
T382C 000:276.560 - 255.885ms returns "O.K."
T382C 000:276.901 JLINK_ExecCommand("ProjectFile=C:\Users\iones\e2_studio\workspace\Blinky_SK_S7G2/Blinky_SK_S7G2 Debug.jlink", ...). 
T382C 000:310.658 - 33.779ms returns 0x00
T382C 000:311.149 JLINK_ExecCommand("device=R7FS7G27H", ...). 
T382C 000:317.142   Device "R7FS7G27H" selected.
T382C 000:317.656 - 6.501ms returns 0x00
T382C 000:317.705 JLINK_ExecCommand("SetCPUConnectIDCODE = FFFFFFFFFFFFFFFFFFFFFFFFFFFFFFFF", ...). 
T382C 000:317.720 - 0.007ms returns 0x00
T382C 000:317.729 JLINK_TIF_GetAvailable(...)
T382C 000:317.891 - 0.182ms
T382C 000:317.920 JLINK_TIF_Select(JLINKARM_TIF_SWD)
T382C 000:318.635 - 0.735ms returns 0x00
T382C 000:318.671 JLINK_SetSpeed(4000)
T382C 000:318.771 - 0.111ms
T382C 000:318.791 JLINK_SetEndian(ARM_ENDIAN_LITTLE)
T382C 000:318.802 - 0.017ms returns 0
T382C 000:318.819 JLINK_SetInitRegsOnReset(OFF)
T382C 000:318.830 - 0.017ms returns 1
T382C 000:318.843 JLINK_SetResetType(JLINKARM_RESET_TYPE_NO_RESET)
T382C 000:318.853 - 0.015ms returns JLINKARM_RESET_TYPE_NORMAL
T382C 000:318.868 JLINK_ExecCommand("EnableFlashBPs", ...). 
T382C 000:318.881 - 0.006ms returns 0x00
T382C 000:318.896 JLINK_ExecCommand("SetAllowFlashCache = 1", ...). 
T382C 000:318.910 - 0.006ms returns 0x01
T382C 000:318.924 JLINK_ExecCommand("SetRestartOnClose = 0", ...). 
T382C 000:318.939 - 0.007ms returns 0x01
T382C 000:318.958 JLINK_EnableSoftBPs(ON)
T382C 000:318.972 - 0.018ms
T382C 000:318.983 JLINK_Connect()
T382C 000:319.238   InitTarget() start
T382C 000:319.282    J-Link Script File: Executing InitTarget()
T382C 000:319.305   Identifying target device...
T382C 000:319.326   SWD selected. Executing JTAG -> SWD switching sequence...
T382C 000:320.506   Initializing DAP...
T382C 000:324.088   Low power mode detected. Waking device from low power mode.
T382C 000:327.010   InitTarget() end
T382C 000:327.412   Found SW-DP with ID 0x5BA02477
T382C 000:329.710   Old FW that does not support reading DPIDR via DAP jobs
T382C 000:332.664   DPv0 detected
T382C 000:332.692   CoreSight SoC-400 or earlier
T382C 000:332.705   Scanning AP map to find all available APs
T382C 000:335.774   AP[2]: Stopped AP scan as end of AP map has been reached
T382C 000:335.807   AP[0]: AHB-AP (IDR: 0x24770011)
T382C 000:335.820   AP[1]: APB-AP (IDR: 0x44770002)
T382C 000:335.832   Iterating through AP map to find AHB-AP to use
T382C 000:338.960   AP[0]: Core found
T382C 000:338.982   AP[0]: AHB-AP ROM base: 0xE00FF000
T382C 000:340.461   CPUID register: 0x410FC241. Implementer code: 0x41 (ARM)
T382C 000:340.485   Found Cortex-M4 r0p1, Little endian.
T382C 000:340.722   -- Max. mem block: 0x0000E9C8
T382C 000:340.836   CPU_ReadMem(4 bytes @ 0xE000EDF0)
T382C 000:341.162   CPU_WriteMem(4 bytes @ 0xE000EDF0)
T382C 000:341.411   CPU_ReadMem(4 bytes @ 0xE0002000)
T382C 000:341.638   FPUnit: 6 code (BP) slots and 2 literal slots
T382C 000:341.650   CPU_ReadMem(4 bytes @ 0xE000EDFC)
T382C 000:341.878   CPU_WriteMem(4 bytes @ 0xE000EDFC)
T382C 000:342.115   CPU_ReadMem(4 bytes @ 0xE0001000)
T382C 000:342.349   CPU_WriteMem(4 bytes @ 0xE0001000)
T382C 000:342.576   CPU_ReadMem(4 bytes @ 0xE000ED88)
T382C 000:342.879   CPU_WriteMem(4 bytes @ 0xE000ED88)
T382C 000:343.116   CPU_ReadMem(4 bytes @ 0xE000ED88)
T382C 000:343.345   CPU_WriteMem(4 bytes @ 0xE000ED88)
T382C 000:343.575   CoreSight components:
T382C 000:343.590   ROMTbl[0] @ E00FF000
T382C 000:343.601   CPU_ReadMem(64 bytes @ 0xE00FF000)
T382C 000:344.244   CPU_ReadMem(32 bytes @ 0xE000EFE0)
T382C 000:344.695   [0][0]: E000E000 CID B105E00D PID 000BB00C SCS-M7
T382C 000:344.707   CPU_ReadMem(32 bytes @ 0xE0001FE0)
T382C 000:345.162   [0][1]: E0001000 CID B105E00D PID 003BB002 DWT
T382C 000:345.174   CPU_ReadMem(32 bytes @ 0xE0002FE0)
T382C 000:345.610   [0][2]: E0002000 CID B105E00D PID 002BB003 FPB
T382C 000:345.623   CPU_ReadMem(32 bytes @ 0xE0000FE0)
T382C 000:346.168   [0][3]: E0000000 CID B105E00D PID 003BB001 ITM
T382C 000:346.180   CPU_ReadMem(32 bytes @ 0xE0040FE0)
T382C 000:346.616   [0][4]: E0040000 CID B105900D PID 000BB9A1 TPIU
T382C 000:346.628   CPU_ReadMem(32 bytes @ 0xE0041FE0)
T382C 000:347.061   [0][5]: E0041000 CID B105900D PID 000BB925 ETM
T382C 000:347.073   CPU_ReadMem(32 bytes @ 0xE0042FE0)
T382C 000:347.522   [0][6]: E0042000 CID B105900D PID 002BB908 CSTF
T382C 000:347.535   CPU_ReadMem(32 bytes @ 0xE0043FE0)
T382C 000:347.960   [0][7]: E0043000 CID B105900D PID 001BB961 TMC
T382C 000:347.972   CPU_ReadMem(32 bytes @ 0xE0044FE0)
T382C 000:348.497   [0][8]: E0044000 CID B105F00D PID 001BB101 TSG
T382C 000:348.532 - 29.553ms returns 0x00
T382C 000:348.579 JLINK_Halt()
T382C 000:351.222 - 2.658ms returns 0x00
T382C 000:351.245 JLINK_IsHalted()
T382C 000:351.256 - 0.015ms returns TRUE
T382C 000:351.268 JLINK_ResetPullsRESET(ON)
T382C 000:351.276 - 0.012ms
T382C 000:351.285 JLINK_Reset()
T382C 000:351.305   CPU_WriteMem(4 bytes @ 0xE000EDF0)
T382C 000:351.579   CPU_WriteMem(4 bytes @ 0xE000EDFC)
T382C 000:351.836   Reset: Halt core after reset via DEMCR.VC_CORERESET.
T382C 000:352.163   Reset: Reset device via AIRCR.SYSRESETREQ.
T382C 000:352.182   CPU_WriteMem(4 bytes @ 0xE000ED0C)
T382C 000:405.596   CPU_ReadMem(4 bytes @ 0xE000EDF0)
T382C 000:406.148   CPU_ReadMem(4 bytes @ 0xE000EDF0)
T382C 000:406.627   CPU_WriteMem(4 bytes @ 0xE000EDFC)
T382C 000:413.241   CPU_ReadMem(4 bytes @ 0xE000EDF0)
T382C 000:417.383   CPU_WriteMem(4 bytes @ 0xE0002000)
T382C 000:418.084   CPU_ReadMem(4 bytes @ 0xE000EDFC)
T382C 000:418.549   CPU_ReadMem(4 bytes @ 0xE0001000)
T382C 000:419.177 - 67.939ms
T382C 000:419.399 JLINK_ReadMemEx(0x407FB19C, 0x8 Bytes, Flags = 0x00000004)
T382C 000:419.456   CPU_ReadMem(8 bytes @ 0x407FB19C)
T382C 000:419.929   Data:  00 80 00 01 00 00 00 00
T382C 000:419.997 - 0.608ms returns 8 (0x8)
T382C 000:420.054 JLINK_ReadMem(0x01008024, 0x10 Bytes, ...)
T382C 000:420.244   CPU_ReadMem(16 bytes @ 0x01008024)
T382C 000:420.770   Data:  52 37 46 53 37 47 32 37 48 33 41 30 31 43 46 43
T382C 000:420.821 - 0.782ms returns 0
T382C 000:420.873 JLINK_IsHalted()
T382C 000:420.905 - 0.047ms returns TRUE
T382C 000:421.995 JLINK_MeasureCPUSpeed(RAMAddr = 0xFFFFFFFF)
T382C 000:422.049   CPU_ReadMem(16 bytes @ 0x1FFE0000)
T382C 000:422.711   CPU_ReadMem(64 bytes @ 0x1FFE0000)
T382C 000:423.684    -- Updating C cache (64 bytes @ 0x1FFE0000)
T382C 000:423.771    -- Read from C cache (6 bytes @ 0x1FFE0000)
T382C 000:423.810   CPU_ReadMem(4 bytes @ 0xE000ED90)
T382C 000:424.326   CPU_ReadMem(4 bytes @ 0xE000ED94)
T382C 000:424.864   CPU_WriteMem(16 bytes @ 0x1FFE0000)
T382C 000:425.508   CPU_WriteMem(6 bytes @ 0x1FFE0000)
T382C 000:426.008   CPU_ReadMem(64 bytes @ 0x1FFE0000)
T382C 000:427.018    -- Updating C cache (64 bytes @ 0x1FFE0000)
T382C 000:427.076    -- Read from C cache (6 bytes @ 0x1FFE0000)
T382C 000:427.129   CPU_WriteMem(4 bytes @ 0xE0002008)
T382C 000:427.159   CPU_WriteMem(4 bytes @ 0xE000200C)
T382C 000:427.187   CPU_WriteMem(4 bytes @ 0xE0002010)
T382C 000:427.214   CPU_WriteMem(4 bytes @ 0xE0002014)
T382C 000:427.253   CPU_WriteMem(4 bytes @ 0xE0002018)
T382C 000:427.282   CPU_WriteMem(4 bytes @ 0xE000201C)
T382C 000:434.501   CPU_WriteMem(4 bytes @ 0xE0002008)
T382C 000:434.949   CPU_WriteMem(4 bytes @ 0xE000200C)
T382C 000:435.368   CPU_WriteMem(4 bytes @ 0xE0002010)
T382C 000:435.823   CPU_WriteMem(4 bytes @ 0xE0002014)
T382C 000:436.199   CPU_WriteMem(4 bytes @ 0xE0002018)
T382C 000:436.581   CPU_WriteMem(4 bytes @ 0xE000201C)
T382C 000:463.751   CPU_WriteMem(6 bytes @ 0x1FFE0000)
T382C 000:464.509   ClockFreq: 2002200 Hz
T382C 000:464.560 - 42.576ms returns 2002200
T382C 000:464.632 JLINK_ReadReg(XPSR)
T382C 000:464.678 - 0.055ms returns 0x01000000
T23FC 000:559.810 JLINK_WriteMem(0x1FFE02B8, 0x4 Bytes, ...)
T23FC 000:559.847   Data:  00 00 00 00
T23FC 000:560.496   CPU_WriteMem(4 bytes @ 0x1FFE02B8)
T23FC 000:560.866 - 1.075ms returns 0x4
T23FC 000:634.041 JLINK_ReadMem(0x1FFE02B8, 0x4 Bytes, ...)
T23FC 000:634.112   CPU_ReadMem(64 bytes @ 0x1FFE0280)
T23FC 000:634.872    -- Updating C cache (64 bytes @ 0x1FFE0280)
T23FC 000:634.913    -- Read from C cache (4 bytes @ 0x1FFE02B8)
T23FC 000:634.928   Data:  00 00 00 00
T23FC 000:634.941 - 0.904ms returns 0
T23FC 000:635.014 JLINK_ReadReg(XPSR)
T23FC 000:635.034 - 0.025ms returns 0x01000000
T23FC 000:635.058 JLINK_ReadMem(0x1FFE02B8, 0x4 Bytes, ...)
T23FC 000:635.076    -- Read from C cache (4 bytes @ 0x1FFE02B8)
T23FC 000:635.094   Data:  00 00 00 00
T23FC 000:635.112 - 0.060ms returns 0
T23FC 000:696.964 JLINK_ReadMem(0x1FFE02B8, 0x4 Bytes, ...)
T23FC 000:697.015    -- Read from C cache (4 bytes @ 0x1FFE02B8)
T23FC 000:697.029   Data:  00 00 00 00
T23FC 000:697.042 - 0.083ms returns 0
T23FC 000:697.095 JLINK_ReadReg(XPSR)
T23FC 000:697.109 - 0.018ms returns 0x01000000
T23FC 000:697.124 JLINK_ReadMem(0x1FFE02B8, 0x4 Bytes, ...)
T23FC 000:697.135    -- Read from C cache (4 bytes @ 0x1FFE02B8)
T23FC 000:697.147   Data:  00 00 00 00
T23FC 000:697.159 - 0.038ms returns 0
T23FC 000:713.710 JLINK_ReadMem(0x1FFE02B8, 0x4 Bytes, ...)
T23FC 000:713.771    -- Read from C cache (4 bytes @ 0x1FFE02B8)
T23FC 000:713.791   Data:  00 00 00 00
T23FC 000:713.808 - 0.104ms returns 0
T23FC 000:713.875 JLINK_ReadReg(XPSR)
T23FC 000:713.891 - 0.020ms returns 0x01000000
T23FC 000:713.907 JLINK_ReadMem(0x1FFE02B8, 0x4 Bytes, ...)
T23FC 000:713.919    -- Read from C cache (4 bytes @ 0x1FFE02B8)
T23FC 000:713.931   Data:  00 00 00 00
T23FC 000:713.944 - 0.047ms returns 0
T23FC 001:167.841 JLINK_BeginDownload(Flags = 0x00000000)
T23FC 001:167.904 - 0.069ms
T23FC 001:185.226 JLINK_WriteMem(0x00000000, 0xBD0 Bytes, ...)
T23FC 001:185.262   Data:  C0 1C FE 1F A1 28 00 00 41 24 00 00 9D 28 00 00 ...
T23FC 001:185.688   completely In flash
T23FC 001:185.711 - 0.489ms returns 0xBD0
T23FC 001:186.204 JLINK_WriteMem(0x00000BD0, 0xBC0 Bytes, ...)
T23FC 001:186.244   Data:  14 59 82 B2 00 EA 14 40 82 42 14 BF 00 20 00 20 ...
T23FC 001:186.274   completely In flash
T23FC 001:186.291 - 0.092ms returns 0xBC0
T23FC 001:186.753 JLINK_WriteMem(0x00001790, 0xBD0 Bytes, ...)
T23FC 001:186.795   Data:  38 B1 40 F2 91 10 08 BD 15 4A D0 69 FF F7 00 FF ...
T23FC 001:186.826   completely In flash
T23FC 001:186.845 - 0.098ms returns 0xBD0
T23FC 001:187.170 JLINK_WriteMem(0x00002360, 0xBB0 Bytes, ...)
T23FC 001:187.205   Data:  1F D9 24 4A 93 42 31 D9 23 4A 01 7B 92 F8 1C 31 ...
T23FC 001:187.228   completely In flash
T23FC 001:187.242 - 0.077ms returns 0xBB0
T23FC 001:187.507 JLINK_WriteMem(0x00002F10, 0xBC0 Bytes, ...)
T23FC 001:187.525   Data:  CA D1 38 BD 38 5A 00 00 10 B5 FF F7 19 FF 05 4B ...
T23FC 001:187.543   completely In flash
T23FC 001:187.557 - 0.054ms returns 0xBC0
T23FC 001:187.826 JLINK_WriteMem(0x00003AD0, 0xBB0 Bytes, ...)
T23FC 001:187.847   Data:  72 B6 43 6E 00 2B 3A D0 4C 30 00 F0 67 F9 2E 4A ...
T23FC 001:187.890   completely In flash
T23FC 001:187.910 - 0.088ms returns 0xBB0
T23FC 001:188.273 JLINK_WriteMem(0x00004680, 0xB90 Bytes, ...)
T23FC 001:188.320   Data:  70 47 F8 B5 06 46 0F 46 14 46 D5 18 AC 42 01 D1 ...
T23FC 001:188.355   completely In flash
T23FC 001:188.376 - 0.108ms returns 0xB90
T23FC 001:188.684 JLINK_WriteMem(0x00005210, 0xBB0 Bytes, ...)
T23FC 001:188.713   Data:  01 03 A3 81 A0 89 05 43 A5 81 CD E7 AD 4F 00 00 ...
T23FC 001:188.736   completely In flash
T23FC 001:188.754 - 0.075ms returns 0xBB0
T23FC 001:188.982 JLINK_WriteMem(0x00005DC0, 0x7D4 Bytes, ...)
T23FC 001:189.010   Data:  0C 04 00 00 04 04 00 00 0D 04 00 00 00 00 01 0C ...
T23FC 001:189.035   completely In flash
T23FC 001:189.048 - 0.070ms returns 0x7D4
T23FC 001:189.315 JLINK_WriteMem(0x00006594, 0xE8 Bytes, ...)
T23FC 001:189.337   Data:  D2 04 00 00 F0 F0 F0 F0 0C 00 FE 1F 00 00 00 00 ...
T23FC 001:189.357   completely In flash
T23FC 001:189.375 - 0.065ms returns 0xE8
T23FC 001:189.657 JLINK_WriteMem(0x40120050, 0x10 Bytes, ...)
T23FC 001:189.690   Data:  FF FF FF FF FF FF FF FF FF FF FF FF FF FF FF FF
T23FC 001:190.081   completely In flash
T23FC 001:190.103 - 0.451ms returns 0x10
T23FC 001:190.478 JLINK_ReadMem(0x1FFE02B8, 0x4 Bytes, ...)
T23FC 001:190.712   CPU_ReadMem(4 bytes @ 0xE000ED90)
T23FC 001:190.979   CPU_ReadMem(4 bytes @ 0xE000ED94)
T23FC 001:191.289    -- --------------------------------------
T23FC 001:191.318   Flash bank @ 0x00000000: Default: L2 verify disabled because algorithm performs L1 verify
T23FC 001:191.332    -- Start of determining dirty areas in flash cache
T23FC 001:191.350    -- Filling invalid ranges in sector buffer (flash cache) for sector @ 0x00000000 if necessary
T23FC 001:191.365    -- Filling invalid ranges in sector buffer (flash cache) for sector @ 0x00002000 if necessary
T23FC 001:191.380    -- Filling invalid ranges in sector buffer (flash cache) for sector @ 0x00004000 if necessary
T23FC 001:191.395    -- Filling invalid ranges in sector buffer (flash cache) for sector @ 0x00006000 if necessary
T23FC 001:192.017    -- End of determining dirty areas
T23FC 001:192.044    -- Start of preparing flash programming
T23FC 001:192.062    -- Calculating RAM usage
T23FC 001:192.204    -- RAM usage = 4596 Bytes
T23FC 001:192.220    -- Preserving CPU registers
T23FC 001:192.255    -- Determining CPU clock frequency
T23FC 001:225.206    -- Preparing target
T23FC 001:225.968    -- Preserving target RAM temporarily used for programming
T23FC 001:253.342    -- Downloading RAMCode
T23FC 001:276.875    -- Preparing RAMCode
T23FC 001:283.778    -- Checking target RAM
T23FC 001:284.854    -- CPU frequency = 120000 kHz
T23FC 001:284.894    -- End of preparing flash programming
T23FC 001:285.167   Looking for J-Link GUI Server exe at: C:\Users\iones\.eclipse\com.renesas.platform_510646852\DebugComp\Synergy\ARM\Segger\JLinkGUIServer.exe
T23FC 001:285.448   Looking for J-Link GUI Server exe at: \JLinkGUIServer.exe
T23FC 001:587.795   Failed to connect to J-Link GUI Server.
T23FC 001:609.528    -- CPU is running at 120000 kHz.
T23FC 001:609.595    -- Start of comparing flash
T23FC 001:609.625    -- CRC check was estimated as fastest method
T23FC 001:609.661    -- Comparing range 0x0000 - 0x7FFF (4 Sectors, 32 KB), using multi-block CRC calculation
T23FC 001:620.092    -- All CRCs match
T23FC 001:620.190    -- Comparing range 0x0000 - 0x7FFF (4 Sectors, 32 KB), using alternative multi-block CRC calculation
T23FC 001:628.297    -- All CRCs match
T23FC 001:628.353    -- End of comparing flash
T23FC 001:628.375    -- Start of erasing sectors
T23FC 001:628.396    -- End of erasing sectors
T23FC 001:628.416    -- Start of flash programming
T23FC 001:628.436    -- End of flash programming
T23FC 001:628.462    -- Start of restoring
T23FC 001:628.485    -- Restoring RAMCode
T23FC 001:632.552    -- Restoring target memory
T23FC 001:652.976    -- Restore target
T23FC 001:653.058    -- Restoring CPU registers
T23FC 001:653.189    -- End of restoring
T23FC 001:653.227    -- Bank 0 @ 0x00000000: Skipped. Contents already match
T23FC 001:653.257    -- Bank 0 @ 0x00000000: Skipped. Contents already match
T23FC 001:656.157    -- --------------------------------------
T23FC 001:656.253   Flash bank @ 0x40120040: Default: L2 verify disabled because algorithm performs L1 verify
T23FC 001:656.294    -- Start of determining dirty areas in flash cache
T23FC 001:656.512    -- Filling invalid ranges in sector buffer (flash cache) for sector @ 0x40120040 if necessary
T23FC 001:656.562    -- End of determining dirty areas
T23FC 001:656.604    -- Start of preparing flash programming
T23FC 001:656.659    -- Calculating RAM usage
T23FC 001:656.717    -- RAM usage = 3668 Bytes
T23FC 001:656.764    -- Preserving CPU registers
T23FC 001:656.863    -- Determining CPU clock frequency
T23FC 001:692.732    -- Preparing target
T23FC 001:693.521    -- Preserving target RAM temporarily used for programming
T23FC 001:715.624    -- Downloading RAMCode
T23FC 001:739.432    -- Preparing RAMCode
T23FC 001:746.752    -- Checking target RAM
T23FC 001:747.962    -- CPU frequency = 120000 kHz
T23FC 001:748.030    -- End of preparing flash programming
T23FC 001:773.040    -- CPU is running at 120000 kHz.
T23FC 001:773.125    -- Start of comparing flash
T23FC 001:773.154    -- CRC check was estimated as fastest method
T23FC 001:773.190    -- Comparing range 0x40120040 - 0x4012006F (1 Sector, 48 Bytes), using multi-block CRC calculation
T23FC 001:775.065    -- All CRCs match
T23FC 001:775.160    -- Comparing range 0x40120040 - 0x4012006F (1 Sector, 48 Bytes), using alternative multi-block CRC calculation
T23FC 001:776.823    -- All CRCs match
T23FC 001:776.911    -- End of comparing flash
T23FC 001:776.934    -- Start of erasing sectors
T23FC 001:776.956    -- End of erasing sectors
T23FC 001:776.977    -- Start of flash programming
T23FC 001:776.998    -- End of flash programming
T23FC 001:777.019    -- Start of restoring
T23FC 001:777.040    -- Restoring RAMCode
T23FC 001:780.887    -- Restoring target memory
T23FC 001:797.363    -- Restore target
T23FC 001:797.445    -- Restoring CPU registers
T23FC 001:797.510    -- End of restoring
T23FC 001:797.541    -- Bank 2 @ 0x40120040: Skipped. Contents already match
T23FC 001:797.568    -- Bank 2 @ 0x40120040: Skipped. Contents already match
T23FC 001:819.621   CPU_ReadMem(64 bytes @ 0x1FFE0280)
T23FC 001:820.529    -- Updating C cache (64 bytes @ 0x1FFE0280)
T23FC 001:820.580    -- Read from C cache (4 bytes @ 0x1FFE02B8)
T23FC 001:820.607   Data:  00 00 00 00
T23FC 001:820.625 - 630.153ms returns 0
T23FC 001:840.886 JLINK_EndDownload()
T23FC 001:840.989 - 0.120ms returns 0 (0x0)
T23FC 001:841.378 JLINK_WriteReg(R15 (PC), 0x000028A0)
T23FC 001:841.410 - 0.040ms returns 0
T23FC 001:841.430 JLINK_WriteReg(XPSR, 0x01000000)
T23FC 001:841.449 - 0.028ms returns 0
T23FC 001:841.475 JLINK_SetEndian(ARM_ENDIAN_LITTLE)
T23FC 001:841.494 - 0.027ms returns 0
T23FC 001:842.996 JLINK_WriteMem(0x1FFE02B8, 0x4 Bytes, ...)
T23FC 001:843.074   Data:  00 00 00 00
T23FC 001:843.121   CPU_WriteMem(4 bytes @ 0x1FFE02B8)
T23FC 001:843.677 - 0.711ms returns 0x4
T23FC 001:844.996 JLINK_ResetPullsRESET(ON)
T23FC 001:845.034 - 0.044ms
T23FC 001:845.048 JLINK_Halt()
T23FC 001:845.062 - 0.020ms returns 0x00
T23FC 001:845.076 JLINK_IsHalted()
T23FC 001:845.090 - 0.019ms returns TRUE
T23FC 001:845.103 JLINK_Reset()
T23FC 001:845.134   CPU_WriteMem(4 bytes @ 0xE000EDF0)
T23FC 001:845.601   CPU_WriteMem(4 bytes @ 0xE000EDFC)
T23FC 001:845.994   Reset: Halt core after reset via DEMCR.VC_CORERESET.
T23FC 001:846.688   Reset: Reset device via AIRCR.SYSRESETREQ.
T23FC 001:846.743   CPU_WriteMem(4 bytes @ 0xE000ED0C)
T23FC 001:900.489   CPU_ReadMem(4 bytes @ 0xE000EDF0)
T23FC 001:900.824   CPU_ReadMem(4 bytes @ 0xE000EDF0)
T23FC 001:901.176   CPU_WriteMem(4 bytes @ 0xE000EDFC)
T23FC 001:908.031   CPU_ReadMem(4 bytes @ 0xE000EDF0)
T23FC 001:911.519   CPU_WriteMem(4 bytes @ 0xE0002000)
T23FC 001:911.893   CPU_ReadMem(4 bytes @ 0xE000EDFC)
T23FC 001:912.324   CPU_ReadMem(4 bytes @ 0xE0001000)
T23FC 001:912.753 - 67.673ms
T23FC 001:912.802 JLINK_SetEndian(ARM_ENDIAN_LITTLE)
T23FC 001:912.815 - 0.019ms returns 0
T23FC 001:912.853 JLINK_ReadMem(0x1FFE02B8, 0x4 Bytes, ...)
T23FC 001:912.880   CPU_ReadMem(64 bytes @ 0x1FFE0280)
T23FC 001:913.620    -- Updating C cache (64 bytes @ 0x1FFE0280)
T23FC 001:913.678    -- Read from C cache (4 bytes @ 0x1FFE02B8)
T23FC 001:913.699   Data:  00 00 00 00
T23FC 001:913.716 - 0.869ms returns 0
T23FC 001:934.966 JLINK_ReadMem(0x000028A0, 0x4 Bytes, ...)
T23FC 001:935.035    -- Read from flash cache (4 bytes @ 0x000028A0)
T23FC 001:935.059   Data:  08 B5 00 F0
T23FC 001:935.146 - 0.187ms returns 0
T23FC 001:964.638 JLINK_ReadMem(0x1FFE02B8, 0x4 Bytes, ...)
T23FC 001:964.731    -- Read from C cache (4 bytes @ 0x1FFE02B8)
T23FC 001:964.757   Data:  00 00 00 00
T23FC 001:964.779 - 0.149ms returns 0
T23FC 001:964.849 JLINK_ReadReg(XPSR)
T23FC 001:964.873 - 0.031ms returns 0x01000000
T23FC 001:964.900 JLINK_ReadMem(0x1FFE02B8, 0x4 Bytes, ...)
T23FC 001:964.919    -- Read from C cache (4 bytes @ 0x1FFE02B8)
T23FC 001:964.949   Data:  00 00 00 00
T23FC 001:964.971 - 0.079ms returns 0
T23FC 003:437.776 JLINK_GetNumBPUnits(Type = 0xFFFFFF00)
T23FC 003:437.828 - 0.058ms returns 0x06
T23FC 003:437.843 JLINK_GetNumWPUnits()
T23FC 003:437.855 - 0.018ms returns 4
T23FC 003:437.869 JLINK_GetNumWPUnits()
T23FC 003:437.881 - 0.017ms returns 4
T23FC 003:437.902 JLINK_GetNumBPUnits(Type = 0xFFFFFF00)
T23FC 003:437.914 - 0.018ms returns 0x06
T23FC 003:437.927 JLINK_GetNumWPUnits()
T23FC 003:437.939 - 0.017ms returns 4
T23FC 003:437.952 JLINK_GetNumWPUnits()
T23FC 003:437.964 - 0.017ms returns 4
T23FC 003:437.982 JLINK_GetNumBPUnits(Type = 0xFFFFFF00)
T23FC 003:437.994 - 0.017ms returns 0x06
T23FC 003:438.007 JLINK_GetNumWPUnits()
T23FC 003:438.018 - 0.016ms returns 4
T23FC 003:438.032 JLINK_GetNumWPUnits()
T23FC 003:438.043 - 0.016ms returns 4
T23FC 003:438.901 JLINK_SetBPEx(Addr = 0x00002D44, Type = 0xFFFFFF00)
T23FC 003:438.955 - 0.060ms returns 0x00000001
T23FC 003:438.985 JLINK_ClrBPEx(BPHandle = 0x00000001)
T23FC 003:439.300 - 0.330ms returns 0x00
T23FC 003:454.892 JLINK_SetBPEx(Addr = 0x00002D44, Type = 0xFFFFFF00)
T23FC 003:454.945 - 0.060ms returns 0x00000002
T23FC 003:562.041 JLINK_ReadMem(0x1FFE02B8, 0x4 Bytes, ...)
T23FC 003:562.143    -- Read from C cache (4 bytes @ 0x1FFE02B8)
T23FC 003:562.192   Data:  00 00 00 00
T23FC 003:562.227 - 0.199ms returns 0
T23FC 003:562.793 JLINK_ReadMem(0x1FFE02B8, 0x4 Bytes, ...)
T23FC 003:562.839    -- Read from C cache (4 bytes @ 0x1FFE02B8)
T23FC 003:562.858   Data:  00 00 00 00
T23FC 003:562.877 - 0.091ms returns 0
T23FC 003:562.930 JLINK_ReadRegs(NumRegs = 20, Indexes: 0, 1, 2, 3, 4, 5, 6, 7, 8, 9, 10, 11, 12, 13, 14, 15, 16, 17, 18, 20)
T23FC 003:562.957    -- R0=0x00, R1=0xFFFFFFFF, R2=0x00, R3=0x4001E0A0, R4=0x1FFE0964, R5=0x1FFE09BC, R6=0x1FFE09BC, R7=0x01, R8=0x7A120, R9=0x1FFE206C, R10=0xF4240, R11=0x1FFE2080, R12=0x1FFE08E8, R13 (SP)=0x1FFE1CC0, R14=0xFFFFFFFF, R15 (PC)=0x28A0, XPSR=0x1000000, MSP=0x1FFE1CC0, PSP=0x1FFE2060, CFBP=0x00
T23FC 003:562.977 - 0.053ms returns 0x00
T23FC 003:563.281 JLINK_ReadMem(0x000028A0, 0x4 Bytes, ...)
T23FC 003:563.309    -- Read from flash cache (4 bytes @ 0x000028A0)
T23FC 003:563.328   Data:  08 B5 00 F0
T23FC 003:563.346 - 0.070ms returns 0
T3F10 003:826.903 JLINK_GetNumBPUnits(Type = 0xFFFFFF00)
T3F10 003:826.965 - 0.068ms returns 0x06
T3F10 003:826.981 JLINK_GetNumWPUnits()
T3F10 003:826.995 - 0.021ms returns 4
T3F10 003:827.011 JLINK_GetNumWPUnits()
T3F10 003:827.025 - 0.019ms returns 4
T3F10 003:827.556 JLINK_GetNumBPUnits(Type = 0xFFFFFF00)
T3F10 003:827.592 - 0.042ms returns 0x06
T3F10 003:827.606 JLINK_GetNumWPUnits()
T3F10 003:827.617 - 0.016ms returns 4
T3F10 003:827.629 JLINK_GetNumWPUnits()
T3F10 003:827.642 - 0.018ms returns 4
T3F10 003:827.967 JLINK_GetNumBPUnits(Type = 0xFFFFFF00)
T3F10 003:828.003 - 0.043ms returns 0x06
T3F10 003:828.019 JLINK_GetNumWPUnits()
T3F10 003:828.032 - 0.018ms returns 4
T3F10 003:828.045 JLINK_GetNumWPUnits()
T3F10 003:828.057 - 0.018ms returns 4
T3F10 003:828.372 JLINK_GetNumBPUnits(Type = 0xFFFFFF00)
T3F10 003:828.404 - 0.046ms returns 0x06
T3F10 003:828.426 JLINK_GetNumWPUnits()
T3F10 003:828.440 - 0.020ms returns 4
T3F10 003:828.454 JLINK_GetNumWPUnits()
T3F10 003:828.466 - 0.023ms returns 4
T3F10 003:828.714 JLINK_GetNumBPUnits(Type = 0xFFFFFF00)
T3F10 003:828.738 - 0.030ms returns 0x06
T3F10 003:828.751 JLINK_GetNumWPUnits()
T3F10 003:828.763 - 0.018ms returns 4
T3F10 003:828.777 JLINK_GetNumWPUnits()
T3F10 003:828.791 - 0.020ms returns 4
T3F10 003:829.000 JLINK_GetNumBPUnits(Type = 0xFFFFFF00)
T3F10 003:829.023 - 0.029ms returns 0x06
T3F10 003:829.038 JLINK_GetNumWPUnits()
T3F10 003:829.050 - 0.018ms returns 4
T3F10 003:829.064 JLINK_GetNumWPUnits()
T3F10 003:829.076 - 0.018ms returns 4
T3F10 003:829.270 JLINK_GetNumBPUnits(Type = 0xFFFFFF00)
T3F10 003:829.294 - 0.029ms returns 0x06
T3F10 003:829.307 JLINK_GetNumWPUnits()
T3F10 003:829.320 - 0.019ms returns 4
T3F10 003:829.335 JLINK_GetNumWPUnits()
T3F10 003:829.347 - 0.018ms returns 4
T3F10 003:829.585 JLINK_GetNumBPUnits(Type = 0xFFFFFF00)
T3F10 003:829.609 - 0.030ms returns 0x06
T3F10 003:829.621 JLINK_GetNumWPUnits()
T3F10 003:829.641 - 0.025ms returns 4
T3F10 003:829.654 JLINK_GetNumWPUnits()
T3F10 003:829.664 - 0.015ms returns 4
T23FC 004:602.564 JLINK_ReadMem(0x1FFE02B8, 0x4 Bytes, ...)
T23FC 004:602.629    -- Read from C cache (4 bytes @ 0x1FFE02B8)
T23FC 004:602.648   Data:  00 00 00 00
T23FC 004:602.667 - 0.110ms returns 0
T23FC 004:602.733 JLINK_ReadReg(XPSR)
T23FC 004:603.086 - 0.372ms returns 0x01000000
T23FC 004:603.130 JLINK_ReadMem(0x1FFE02B8, 0x4 Bytes, ...)
T23FC 004:603.149    -- Read from C cache (4 bytes @ 0x1FFE02B8)
T23FC 004:603.169   Data:  00 00 00 00
T23FC 004:603.188 - 0.064ms returns 0
T23FC 004:634.011 JLINK_ReadMem(0x1FFE02B8, 0x4 Bytes, ...)
T23FC 004:634.075    -- Read from C cache (4 bytes @ 0x1FFE02B8)
T23FC 004:634.095   Data:  00 00 00 00
T23FC 004:634.113 - 0.107ms returns 0
T23FC 004:634.186 JLINK_ReadReg(XPSR)
T23FC 004:634.213 - 0.033ms returns 0x01000000
T23FC 004:634.236 JLINK_ReadMem(0x1FFE02B8, 0x4 Bytes, ...)
T23FC 004:634.252    -- Read from C cache (4 bytes @ 0x1FFE02B8)
T23FC 004:634.269   Data:  00 00 00 00
T23FC 004:634.285 - 0.054ms returns 0
T23FC 010:005.825 JLINK_ReadMem(0x1FFE02B8, 0x4 Bytes, ...)
T23FC 010:005.901    -- Read from C cache (4 bytes @ 0x1FFE02B8)
T23FC 010:005.925   Data:  00 00 00 00
T23FC 010:005.961 - 0.143ms returns 0
T23FC 010:008.244 JLINK_STRACE_Read(..., NumItems = 0x10000)
T23FC 010:009.725 - 1.527ms NumItemsRead = 0x00
T23FC 010:009.792 JLINK_IsHalted()
T23FC 010:010.603 - 0.850ms returns TRUE
T23FC 010:010.660 JLINK_STRACE_Read(..., NumItems = 0x10000)
T23FC 010:010.679 - 0.026ms NumItemsRead = 0x00
T23FC 010:010.700 JLINK_GoEx(MaxEmulInsts = 0, Flags = 0x01)
T23FC 010:010.738   CPU_WriteMem(4 bytes @ 0xE0002000)
T23FC 010:011.242   CPU_ReadMem(4 bytes @ 0xE0001000)
T23FC 010:011.564   CPU_WriteMem(4 bytes @ 0xE0002008)
T23FC 010:011.615   CPU_WriteMem(4 bytes @ 0xE000200C)
T23FC 010:011.636   CPU_WriteMem(4 bytes @ 0xE0002010)
T23FC 010:011.655   CPU_WriteMem(4 bytes @ 0xE0002014)
T23FC 010:011.674   CPU_WriteMem(4 bytes @ 0xE0002018)
T23FC 010:011.693   CPU_WriteMem(4 bytes @ 0xE000201C)
T23FC 010:012.918   CPU_WriteMem(4 bytes @ 0xE0001004)
T23FC 010:014.067 - 3.409ms
T23FC 010:122.355 JLINK_IsHalted()
T23FC 010:125.193 - 2.867ms returns TRUE
T23FC 010:125.237 JLINK_ReadReg(XPSR)
T23FC 010:125.254 - 0.023ms returns 0xA1000000
T23FC 010:125.268 JLINK_ReadReg(R15 (PC))
T23FC 010:125.281 - 0.024ms returns 0x00002D44
T23FC 010:127.632 JLINK_ReadReg(XPSR)
T23FC 010:127.669 - 0.044ms returns 0xA1000000
T23FC 010:127.686 JLINK_ReadReg(XPSR)
T23FC 010:127.702 - 0.022ms returns 0xA1000000
T23FC 010:127.717 JLINK_ReadReg(R15 (PC))
T23FC 010:127.730 - 0.019ms returns 0x00002D44
T23FC 010:127.747 JLINK_ReadReg(XPSR)
T23FC 010:127.760 - 0.018ms returns 0xA1000000
T23FC 010:127.774 JLINK_ReadReg(XPSR)
T23FC 010:127.788 - 0.020ms returns 0xA1000000
T23FC 010:127.803 JLINK_ReadMem(0x00002D44, 0x1 Bytes, ...)
T23FC 010:127.819    -- Read from flash cache (1 bytes @ 0x00002D44)
T23FC 010:127.838   Data:  08
T23FC 010:127.855 - 0.058ms returns 0
T23FC 010:127.870 JLINK_IsHalted()
T23FC 010:127.882 - 0.023ms returns TRUE
T23FC 010:127.904 JLINK_ReadReg(XPSR)
T23FC 010:127.917 - 0.018ms returns 0xA1000000
T23FC 010:127.931 JLINK_ReadReg(XPSR)
T23FC 010:127.943 - 0.018ms returns 0xA1000000
T23FC 010:127.957 JLINK_ReadReg(R15 (PC))
T23FC 010:127.969 - 0.018ms returns 0x00002D44
T23FC 010:127.983 JLINK_ReadReg(XPSR)
T23FC 010:127.995 - 0.018ms returns 0xA1000000
T23FC 010:128.009 JLINK_ReadReg(XPSR)
T23FC 010:128.021 - 0.017ms returns 0xA1000000
T23FC 010:128.034 JLINK_ReadMem(0x00002D44, 0x1 Bytes, ...)
T23FC 010:128.047    -- Read from flash cache (1 bytes @ 0x00002D44)
T23FC 010:128.064   Data:  08
T23FC 010:128.081 - 0.052ms returns 0
T23FC 010:128.167 JLINK_ReadMem(0x1FFE02B8, 0x4 Bytes, ...)
T23FC 010:128.191   CPU_ReadMem(64 bytes @ 0x1FFE0280)
T23FC 010:128.989    -- Updating C cache (64 bytes @ 0x1FFE0280)
T23FC 010:129.027    -- Read from C cache (4 bytes @ 0x1FFE02B8)
T23FC 010:129.046   Data:  00 00 00 00
T23FC 010:129.072 - 0.962ms returns 0
T23FC 010:129.812 JLINK_ReadMem(0x1FFE02B8, 0x4 Bytes, ...)
T23FC 010:129.859    -- Read from C cache (4 bytes @ 0x1FFE02B8)
T23FC 010:129.878   Data:  00 00 00 00
T23FC 010:129.896 - 0.089ms returns 0
T23FC 010:129.946 JLINK_ReadRegs(NumRegs = 20, Indexes: 0, 1, 2, 3, 4, 5, 6, 7, 8, 9, 10, 11, 12, 13, 14, 15, 16, 17, 18, 20)
T23FC 010:129.977    -- R0=0x60000000, R1=0xFFF, R2=0x64000000, R3=0x4001E0A0, R4=0x1FFE0964, R5=0x1FFE09BC, R6=0x1FFE09BC, R7=0x01, R8=0x7A120, R9=0x1FFE206C, R10=0xF4240, R11=0x1FFE2080, R12=0x20, R13 (SP)=0x1FFE1CB8, R14=0x28AB, R15 (PC)=0x2D44, XPSR=0xA1000000, MSP=0x1FFE1CB8, PSP=0x1FFE2060, CFBP=0x4000000
T23FC 010:129.996 - 0.055ms returns 0x00
T23FC 010:130.321 JLINK_ReadMem(0x00002D44, 0x4 Bytes, ...)
T23FC 010:130.353    -- Read from flash cache (4 bytes @ 0x00002D44)
T23FC 010:130.374   Data:  08 B5 72 B6
T23FC 010:130.391 - 0.075ms returns 0
T23FC 010:133.319 JLINK_ClrBPEx(BPHandle = 0x00000002)
T23FC 010:133.381 - 0.070ms returns 0x00
T23FC 010:208.688 JLINK_ReadMem(0x1FFE02B8, 0x4 Bytes, ...)
T23FC 010:208.757    -- Read from C cache (4 bytes @ 0x1FFE02B8)
T23FC 010:208.784   Data:  00 00 00 00
T23FC 010:208.802 - 0.121ms returns 0
T23FC 010:208.866 JLINK_ReadReg(XPSR)
T23FC 010:208.886 - 0.027ms returns 0xA1000000
T23FC 010:208.908 JLINK_ReadMem(0x1FFE02B8, 0x4 Bytes, ...)
T23FC 010:208.922    -- Read from C cache (4 bytes @ 0x1FFE02B8)
T23FC 010:208.938   Data:  00 00 00 00
T23FC 010:208.954 - 0.051ms returns 0
T23FC 010:209.714 JLINK_ReadMem(0x1FFE02B8, 0x4 Bytes, ...)
T23FC 010:209.766    -- Read from C cache (4 bytes @ 0x1FFE02B8)
T23FC 010:209.784   Data:  00 00 00 00
T23FC 010:209.801 - 0.093ms returns 0
T23FC 010:209.858 JLINK_ReadReg(XPSR)
T23FC 010:209.881 - 0.028ms returns 0xA1000000
T23FC 010:209.903 JLINK_ReadMem(0x1FFE02B8, 0x4 Bytes, ...)
T23FC 010:209.918    -- Read from C cache (4 bytes @ 0x1FFE02B8)
T23FC 010:209.936   Data:  00 00 00 00
T23FC 010:209.953 - 0.056ms returns 0
T23FC 010:626.533 JLINK_ReadMem(0x1FFE02B8, 0x4 Bytes, ...)
T23FC 010:626.618    -- Read from C cache (4 bytes @ 0x1FFE02B8)
T23FC 010:626.642   Data:  00 00 00 00
T23FC 010:626.662 - 0.136ms returns 0
T23FC 010:626.695 JLINK_STRACE_Read(..., NumItems = 0x10000)
T23FC 010:626.719 - 0.031ms NumItemsRead = 0x00
T23FC 010:626.741 JLINK_IsHalted()
T23FC 010:627.103 - 0.395ms returns TRUE
T23FC 010:627.155 JLINK_STRACE_Read(..., NumItems = 0x10000)
T23FC 010:627.173 - 0.025ms NumItemsRead = 0x00
T23FC 010:627.191 JLINK_GoEx(MaxEmulInsts = 0, Flags = 0x01)
T23FC 010:627.234   CPU_ReadMem(4 bytes @ 0xE0001000)
T23FC 010:627.581   CPU_WriteMem(4 bytes @ 0xE0002008)
T23FC 010:628.389 - 1.224ms
T23FC 010:731.786 JLINK_IsHalted()
T23FC 010:732.338 - 0.599ms returns FALSE
T23FC 010:732.405 JLINK_IsHalted()
T23FC 010:732.955 - 0.584ms returns FALSE
T23FC 010:840.316 JLINK_IsHalted()
T23FC 010:840.722 - 0.429ms returns FALSE
T23FC 010:840.761 JLINK_IsHalted()
T23FC 010:841.106 - 0.386ms returns FALSE
T23FC 010:950.226 JLINK_IsHalted()
T23FC 010:950.668 - 0.468ms returns FALSE
T23FC 010:950.807 JLINK_IsHalted()
T23FC 010:951.166 - 0.395ms returns FALSE
T23FC 011:059.703 JLINK_IsHalted()
T23FC 011:060.165 - 0.474ms returns FALSE
T23FC 011:060.186 JLINK_IsHalted()
T23FC 011:060.480 - 0.303ms returns FALSE
T3F10 011:143.702 JLINK_IsHalted()
T3F10 011:144.047 - 0.351ms returns FALSE
T3F10 011:144.067 JLINK_IsHalted()
T3F10 011:144.332 - 0.275ms returns FALSE
T23FC 011:169.172 JLINK_IsHalted()
T23FC 011:169.560 - 0.428ms returns FALSE
T23FC 011:169.621 JLINK_IsHalted()
T23FC 011:169.897 - 0.292ms returns FALSE
T23FC 011:278.191 JLINK_IsHalted()
T23FC 011:278.702 - 0.537ms returns FALSE
T23FC 011:278.742 JLINK_IsHalted()
T23FC 011:279.078 - 0.355ms returns FALSE
T23FC 011:388.216 JLINK_IsHalted()
T23FC 011:388.795 - 0.617ms returns FALSE
T23FC 011:388.854 JLINK_IsHalted()
T23FC 011:389.357 - 0.543ms returns FALSE
T23FC 011:497.451 JLINK_IsHalted()
T23FC 011:497.921 - 0.491ms returns FALSE
T23FC 011:497.955 JLINK_IsHalted()
T23FC 011:498.942 - 1.022ms returns FALSE
T23FC 011:606.028 JLINK_IsHalted()
T23FC 011:606.519 - 0.504ms returns FALSE
T23FC 011:606.545 JLINK_IsHalted()
T23FC 011:606.965 - 0.430ms returns FALSE
T3F10 011:637.554 JLINK_IsHalted()
T3F10 011:638.067 - 0.556ms returns FALSE
T3F10 011:638.130 JLINK_IsHalted()
T3F10 011:638.551 - 0.462ms returns FALSE
T23FC 011:716.579 JLINK_IsHalted()
T23FC 011:717.196 - 0.651ms returns FALSE
T23FC 011:717.257 JLINK_IsHalted()
T23FC 011:717.638 - 0.410ms returns FALSE
T23FC 011:826.219 JLINK_IsHalted()
T23FC 011:826.767 - 0.594ms returns FALSE
T23FC 011:826.835 JLINK_IsHalted()
T23FC 011:827.258 - 0.476ms returns FALSE
T23FC 011:934.107 JLINK_IsHalted()
T23FC 011:934.722 - 0.668ms returns FALSE
T23FC 011:934.799 JLINK_IsHalted()
T23FC 011:935.387 - 0.634ms returns FALSE
T23FC 012:044.346 JLINK_IsHalted()
T23FC 012:045.073 - 0.773ms returns FALSE
T23FC 012:045.142 JLINK_IsHalted()
T23FC 012:045.712 - 0.617ms returns FALSE
T23FC 012:153.770 JLINK_IsHalted()
T23FC 012:154.364 - 0.637ms returns FALSE
T23FC 012:154.429 JLINK_IsHalted()
T23FC 012:154.986 - 0.595ms returns FALSE
T23FC 012:262.771 JLINK_IsHalted()
T23FC 012:263.175 - 0.423ms returns FALSE
T23FC 012:263.203 JLINK_IsHalted()
T23FC 012:263.522 - 0.335ms returns FALSE
T23FC 012:371.525 JLINK_IsHalted()
T23FC 012:371.967 - 0.467ms returns FALSE
T23FC 012:372.006 JLINK_IsHalted()
T23FC 012:372.300 - 0.312ms returns FALSE
T23FC 012:481.625 JLINK_IsHalted()
T23FC 012:482.175 - 0.582ms returns FALSE
T23FC 012:482.229 JLINK_IsHalted()
T23FC 012:482.581 - 0.377ms returns FALSE
T23FC 012:590.934 JLINK_IsHalted()
T23FC 012:591.477 - 0.585ms returns FALSE
T23FC 012:591.541 JLINK_IsHalted()
T23FC 012:591.962 - 0.463ms returns FALSE
T3F10 012:639.280 JLINK_IsHalted()
T3F10 012:639.866 - 0.632ms returns FALSE
T3F10 012:639.935 JLINK_IsHalted()
T3F10 012:640.481 - 0.588ms returns FALSE
T23FC 012:700.069 JLINK_IsHalted()
T23FC 012:700.856 - 0.833ms returns FALSE
T23FC 012:700.925 JLINK_IsHalted()
T23FC 012:701.457 - 0.581ms returns FALSE
T23FC 012:809.168 JLINK_IsHalted()
T23FC 012:809.774 - 0.652ms returns FALSE
T23FC 012:809.842 JLINK_IsHalted()
T23FC 012:810.261 - 0.463ms returns FALSE
T23FC 012:919.261 JLINK_IsHalted()
T23FC 012:919.901 - 0.678ms returns FALSE
T23FC 012:919.961 JLINK_IsHalted()
T23FC 012:920.517 - 0.595ms returns FALSE
T23FC 013:028.692 JLINK_IsHalted()
T23FC 013:029.377 - 0.731ms returns FALSE
T23FC 013:029.446 JLINK_IsHalted()
T23FC 013:029.890 - 0.508ms returns FALSE
T23FC 013:137.840 JLINK_IsHalted()
T23FC 013:138.502 - 0.707ms returns FALSE
T23FC 013:138.570 JLINK_IsHalted()
T23FC 013:139.175 - 0.660ms returns FALSE
T23FC 013:246.719 JLINK_IsHalted()
T23FC 013:247.413 - 0.738ms returns FALSE
T23FC 013:247.478 JLINK_IsHalted()
T23FC 013:247.976 - 0.546ms returns FALSE
T23FC 013:356.026 JLINK_IsHalted()
T23FC 013:356.640 - 0.659ms returns FALSE
T23FC 013:356.708 JLINK_IsHalted()
T23FC 013:357.192 - 0.529ms returns FALSE
T23FC 013:466.545 JLINK_IsHalted()
T23FC 013:467.127 - 0.619ms returns FALSE
T23FC 013:467.354 JLINK_IsHalted()
T23FC 013:467.760 - 0.435ms returns FALSE
T23FC 013:575.592 JLINK_IsHalted()
T23FC 013:576.223 - 0.682ms returns FALSE
T23FC 013:576.298 JLINK_IsHalted()
T23FC 013:576.887 - 0.635ms returns FALSE
T3F10 013:640.983 JLINK_IsHalted()
T3F10 013:641.595 - 0.664ms returns FALSE
T3F10 013:641.673 JLINK_IsHalted()
T3F10 013:642.258 - 0.635ms returns FALSE
T23FC 013:684.857 JLINK_IsHalted()
T23FC 013:685.381 - 0.568ms returns FALSE
T23FC 013:685.447 JLINK_IsHalted()
T23FC 013:685.971 - 0.567ms returns FALSE
T23FC 013:794.158 JLINK_IsHalted()
T23FC 013:794.640 - 0.535ms returns FALSE
T23FC 013:794.717 JLINK_IsHalted()
T23FC 013:795.260 - 0.585ms returns FALSE
T23FC 013:902.800 JLINK_IsHalted()
T23FC 013:903.512 - 0.757ms returns FALSE
T23FC 013:903.581 JLINK_IsHalted()
T23FC 013:904.179 - 0.644ms returns FALSE
T23FC 014:013.121 JLINK_IsHalted()
T23FC 014:013.767 - 0.692ms returns FALSE
T23FC 014:013.836 JLINK_IsHalted()
T23FC 014:014.276 - 0.485ms returns FALSE
T23FC 014:122.423 JLINK_IsHalted()
T23FC 014:123.060 - 0.683ms returns FALSE
T23FC 014:123.129 JLINK_IsHalted()
T23FC 014:123.617 - 0.550ms returns FALSE
T23FC 014:230.994 JLINK_IsHalted()
T23FC 014:231.606 - 0.679ms returns FALSE
T23FC 014:231.698 JLINK_IsHalted()
T23FC 014:232.158 - 0.501ms returns FALSE
T23FC 014:341.668 JLINK_IsHalted()
T23FC 014:342.287 - 0.670ms returns FALSE
T23FC 014:342.362 JLINK_IsHalted()
T23FC 014:342.872 - 0.555ms returns FALSE
T23FC 014:450.534 JLINK_IsHalted()
T23FC 014:451.137 - 0.650ms returns FALSE
T23FC 014:451.207 JLINK_IsHalted()
T23FC 014:451.591 - 0.431ms returns FALSE
T23FC 014:559.161 JLINK_IsHalted()
T23FC 014:559.789 - 0.679ms returns FALSE
T23FC 014:559.865 JLINK_IsHalted()
T23FC 014:560.360 - 0.540ms returns FALSE
T3F10 014:642.773 JLINK_IsHalted()
T3F10 014:643.371 - 0.651ms returns FALSE
T3F10 014:643.450 JLINK_IsHalted()
T3F10 014:643.989 - 0.585ms returns FALSE
T23FC 014:668.514 JLINK_IsHalted()
T23FC 014:669.219 - 0.745ms returns FALSE
T23FC 014:669.279 JLINK_IsHalted()
T23FC 014:669.692 - 0.444ms returns FALSE
T23FC 014:777.865 JLINK_IsHalted()
T23FC 014:778.473 - 0.655ms returns FALSE
T23FC 014:778.543 JLINK_IsHalted()
T23FC 014:779.175 - 0.678ms returns FALSE
T23FC 014:887.313 JLINK_IsHalted()
T23FC 014:887.919 - 0.651ms returns FALSE
T23FC 014:887.987 JLINK_IsHalted()
T23FC 014:888.473 - 0.532ms returns FALSE
T23FC 014:996.696 JLINK_IsHalted()
T23FC 014:997.261 - 0.609ms returns FALSE
T23FC 014:997.329 JLINK_IsHalted()
T23FC 014:997.886 - 0.620ms returns FALSE
T23FC 015:106.266 JLINK_IsHalted()
T23FC 015:106.896 - 0.683ms returns FALSE
T23FC 015:106.973 JLINK_IsHalted()
T23FC 015:107.474 - 0.547ms returns FALSE
T23FC 015:216.066 JLINK_IsHalted()
T23FC 015:216.695 - 0.681ms returns FALSE
T23FC 015:216.790 JLINK_IsHalted()
T23FC 015:217.265 - 0.520ms returns FALSE
T23FC 015:325.061 JLINK_IsHalted()
T23FC 015:325.587 - 0.568ms returns FALSE
T23FC 015:325.650 JLINK_IsHalted()
T23FC 015:326.100 - 0.505ms returns FALSE
T23FC 015:435.187 JLINK_IsHalted()
T23FC 015:435.762 - 0.619ms returns FALSE
T23FC 015:435.852 JLINK_IsHalted()
T23FC 015:436.259 - 0.436ms returns FALSE
T23FC 015:544.518 JLINK_IsHalted()
T23FC 015:545.214 - 0.772ms returns FALSE
T23FC 015:545.318 JLINK_IsHalted()
T23FC 015:545.777 - 0.504ms returns FALSE
T3F10 015:645.160 JLINK_IsHalted()
T3F10 015:645.763 - 0.655ms returns FALSE
T3F10 015:645.866 JLINK_IsHalted()
T3F10 015:646.433 - 0.619ms returns FALSE
T23FC 015:652.996 JLINK_IsHalted()
T23FC 015:653.641 - 0.688ms returns FALSE
T23FC 015:653.710 JLINK_IsHalted()
T23FC 015:654.213 - 0.549ms returns FALSE
T23FC 015:762.644 JLINK_IsHalted()
T23FC 015:763.252 - 0.640ms returns FALSE
T23FC 015:763.312 JLINK_IsHalted()
T23FC 015:763.765 - 0.483ms returns FALSE
T23FC 015:872.065 JLINK_IsHalted()
T23FC 015:872.696 - 0.681ms returns FALSE
T23FC 015:872.771 JLINK_IsHalted()
T23FC 015:873.351 - 0.626ms returns FALSE
T23FC 015:981.160 JLINK_IsHalted()
T23FC 015:981.773 - 0.798ms returns FALSE
T23FC 015:981.993 JLINK_IsHalted()
T23FC 015:982.545 - 0.602ms returns FALSE
T23FC 016:091.355 JLINK_IsHalted()
T23FC 016:091.973 - 0.664ms returns FALSE
T23FC 016:092.042 JLINK_IsHalted()
T23FC 016:092.523 - 0.526ms returns FALSE
T23FC 016:200.921 JLINK_IsHalted()
T23FC 016:201.565 - 0.690ms returns FALSE
T23FC 016:201.635 JLINK_IsHalted()
T23FC 016:202.170 - 0.581ms returns FALSE
T23FC 016:309.380 JLINK_IsHalted()
T23FC 016:310.002 - 0.672ms returns FALSE
T23FC 016:310.075 JLINK_IsHalted()
T23FC 016:310.572 - 0.542ms returns FALSE
T23FC 016:419.583 JLINK_IsHalted()
T23FC 016:420.244 - 0.704ms returns FALSE
T23FC 016:420.314 JLINK_IsHalted()
T23FC 016:420.757 - 0.472ms returns FALSE
T23FC 016:528.100 JLINK_IsHalted()
T23FC 016:528.713 - 0.659ms returns FALSE
T23FC 016:528.781 JLINK_IsHalted()
T23FC 016:529.261 - 0.525ms returns FALSE
T23FC 016:637.720 JLINK_IsHalted()
T23FC 016:638.501 - 0.828ms returns FALSE
T23FC 016:638.588 JLINK_IsHalted()
T23FC 016:639.235 - 0.733ms returns FALSE
T3F10 016:647.534 JLINK_IsHalted()
T3F10 016:650.249 - 2.761ms returns FALSE
T3F10 016:650.318 JLINK_IsHalted()
T3F10 016:650.904 - 0.631ms returns FALSE
T23FC 016:747.580 JLINK_IsHalted()
T23FC 016:748.265 - 0.727ms returns FALSE
T23FC 016:748.330 JLINK_IsHalted()
T23FC 016:748.911 - 0.623ms returns FALSE
T23FC 016:855.958 JLINK_IsHalted()
T23FC 016:856.530 - 0.618ms returns FALSE
T23FC 016:856.599 JLINK_IsHalted()
T23FC 016:857.029 - 0.476ms returns FALSE
T23FC 016:966.466 JLINK_IsHalted()
T23FC 016:967.186 - 0.766ms returns FALSE
T23FC 016:967.254 JLINK_IsHalted()
T23FC 016:967.856 - 0.647ms returns FALSE
T23FC 017:075.221 JLINK_IsHalted()
T23FC 017:075.777 - 0.610ms returns FALSE
T23FC 017:075.856 JLINK_IsHalted()
T23FC 017:076.364 - 0.560ms returns FALSE
T23FC 017:184.332 JLINK_IsHalted()
T23FC 017:184.908 - 0.621ms returns FALSE
T23FC 017:184.977 JLINK_IsHalted()
T23FC 017:185.469 - 0.538ms returns FALSE
T23FC 017:294.092 JLINK_IsHalted()
T23FC 017:294.712 - 0.673ms returns FALSE
T23FC 017:294.788 JLINK_IsHalted()
T23FC 017:295.366 - 0.623ms returns FALSE
T23FC 017:403.538 JLINK_IsHalted()
T23FC 017:404.117 - 0.626ms returns FALSE
T23FC 017:404.193 JLINK_IsHalted()
T23FC 017:404.667 - 0.509ms returns FALSE
T23FC 017:513.046 JLINK_IsHalted()
T23FC 017:513.738 - 0.745ms returns FALSE
T23FC 017:513.816 JLINK_IsHalted()
T23FC 017:514.277 - 0.510ms returns FALSE
T23FC 017:621.789 JLINK_IsHalted()
T23FC 017:622.398 - 0.651ms returns FALSE
T23FC 017:622.469 JLINK_IsHalted()
T23FC 017:623.175 - 0.766ms returns FALSE
T3F10 017:651.629 JLINK_IsHalted()
T3F10 017:652.229 - 0.803ms returns FALSE
T3F10 017:652.475 JLINK_IsHalted()
T3F10 017:652.953 - 0.520ms returns FALSE
T23FC 017:731.043 JLINK_IsHalted()
T23FC 017:731.625 - 0.617ms returns FALSE
T23FC 017:731.688 JLINK_IsHalted()
T23FC 017:732.092 - 0.435ms returns FALSE
T23FC 017:840.354 JLINK_IsHalted()
T23FC 017:840.848 - 0.554ms returns FALSE
T23FC 017:840.928 JLINK_IsHalted()
T23FC 017:841.403 - 0.510ms returns FALSE
T23FC 017:950.665 JLINK_IsHalted()
T23FC 017:951.063 - 0.430ms returns FALSE
T23FC 017:951.115 JLINK_IsHalted()
T23FC 017:951.459 - 0.377ms returns FALSE
T23FC 018:059.108 JLINK_IsHalted()
T23FC 018:059.569 - 0.496ms returns FALSE
T23FC 018:059.624 JLINK_IsHalted()
T23FC 018:060.000 - 0.450ms returns FALSE
T23FC 018:168.479 JLINK_IsHalted()
T23FC 018:168.841 - 0.377ms returns FALSE
T23FC 018:168.868 JLINK_IsHalted()
T23FC 018:169.195 - 0.374ms returns FALSE
T23FC 018:278.806 JLINK_IsHalted()
T23FC 018:279.201 - 0.409ms returns FALSE
T23FC 018:279.226 JLINK_IsHalted()
T23FC 018:279.486 - 0.270ms returns FALSE
T23FC 018:387.708 JLINK_IsHalted()
T23FC 018:388.295 - 0.640ms returns FALSE
T23FC 018:388.382 JLINK_IsHalted()
T23FC 018:388.864 - 0.517ms returns FALSE
T23FC 018:497.078 JLINK_IsHalted()
T23FC 018:497.667 - 0.636ms returns FALSE
T23FC 018:497.737 JLINK_IsHalted()
T23FC 018:498.244 - 0.556ms returns FALSE
T23FC 018:606.794 JLINK_IsHalted()
T23FC 018:607.560 - 0.826ms returns FALSE
T23FC 018:607.649 JLINK_IsHalted()
T23FC 018:608.235 - 0.632ms returns FALSE
T3F10 018:654.843 JLINK_IsHalted()
T3F10 018:655.314 - 0.517ms returns FALSE
T3F10 018:655.389 JLINK_IsHalted()
T3F10 018:655.961 - 0.607ms returns FALSE
T23FC 018:716.125 JLINK_IsHalted()
T23FC 018:716.700 - 0.606ms returns FALSE
T23FC 018:716.758 JLINK_IsHalted()
T23FC 018:717.128 - 0.417ms returns FALSE
T23FC 018:824.915 JLINK_IsHalted()
T23FC 018:825.330 - 0.443ms returns FALSE
T23FC 018:825.371 JLINK_IsHalted()
T23FC 018:825.675 - 0.315ms returns FALSE
T23FC 018:934.542 JLINK_IsHalted()
T23FC 018:935.058 - 0.563ms returns FALSE
T23FC 018:935.127 JLINK_IsHalted()
T23FC 018:935.544 - 0.452ms returns FALSE
T23FC 019:044.098 JLINK_IsHalted()
T23FC 019:044.564 - 0.506ms returns FALSE
T23FC 019:044.624 JLINK_IsHalted()
T23FC 019:045.049 - 0.453ms returns FALSE
T23FC 019:152.908 JLINK_IsHalted()
T23FC 019:153.310 - 0.455ms returns FALSE
T23FC 019:153.393 JLINK_IsHalted()
T23FC 019:153.707 - 0.329ms returns FALSE
T23FC 019:263.025 JLINK_IsHalted()
T23FC 019:263.611 - 0.645ms returns FALSE
T23FC 019:263.692 JLINK_IsHalted()
T23FC 019:264.057 - 0.407ms returns FALSE
T23FC 019:372.546 JLINK_IsHalted()
T23FC 019:376.023 - 3.525ms returns FALSE
T23FC 019:376.200 JLINK_IsHalted()
T23FC 019:376.651 - 0.486ms returns FALSE
T23FC 019:481.603 JLINK_IsHalted()
T23FC 019:482.085 - 0.511ms returns FALSE
T23FC 019:482.138 JLINK_IsHalted()
T23FC 019:482.568 - 0.455ms returns FALSE
T23FC 019:590.588 JLINK_IsHalted()
T23FC 019:591.257 - 0.721ms returns FALSE
T23FC 019:591.346 JLINK_IsHalted()
T23FC 019:591.928 - 0.628ms returns FALSE
T3F10 019:657.532 JLINK_IsHalted()
T3F10 019:658.167 - 0.753ms returns FALSE
T3F10 019:658.330 JLINK_IsHalted()
T3F10 019:658.878 - 0.593ms returns FALSE
T23FC 019:700.542 JLINK_IsHalted()
T23FC 019:701.222 - 0.778ms returns FALSE
T23FC 019:701.345 JLINK_IsHalted()
T23FC 019:701.777 - 0.506ms returns FALSE
T23FC 019:809.200 JLINK_IsHalted()
T23FC 019:809.688 - 0.507ms returns FALSE
T23FC 019:809.726 JLINK_IsHalted()
T23FC 019:810.035 - 0.343ms returns FALSE
T23FC 019:918.430 JLINK_IsHalted()
T23FC 019:918.966 - 0.579ms returns FALSE
T23FC 019:919.030 JLINK_IsHalted()
T23FC 019:919.471 - 0.483ms returns FALSE
T23FC 020:028.409 JLINK_IsHalted()
T23FC 020:029.049 - 0.686ms returns FALSE
T23FC 020:029.118 JLINK_IsHalted()
T23FC 020:029.603 - 0.530ms returns FALSE
T23FC 020:137.195 JLINK_IsHalted()
T23FC 020:137.817 - 0.679ms returns FALSE
T23FC 020:137.898 JLINK_IsHalted()
T23FC 020:138.386 - 0.533ms returns FALSE
T23FC 020:246.736 JLINK_IsHalted()
T23FC 020:247.351 - 0.661ms returns FALSE
T23FC 020:247.420 JLINK_IsHalted()
T23FC 020:247.978 - 0.605ms returns FALSE
T23FC 020:356.023 JLINK_IsHalted()
T23FC 020:356.638 - 0.661ms returns FALSE
T23FC 020:356.707 JLINK_IsHalted()
T23FC 020:357.223 - 0.571ms returns FALSE
T23FC 020:465.760 JLINK_IsHalted()
T23FC 020:466.388 - 0.678ms returns FALSE
T23FC 020:466.463 JLINK_IsHalted()
T23FC 020:466.958 - 0.541ms returns FALSE
T23FC 020:575.348 JLINK_IsHalted()
T23FC 020:575.981 - 0.680ms returns FALSE
T23FC 020:576.051 JLINK_IsHalted()
T23FC 020:576.552 - 0.556ms returns FALSE
T3F10 020:660.746 JLINK_IsHalted()
T3F10 020:661.289 - 0.586ms returns FALSE
T3F10 020:661.361 JLINK_IsHalted()
T3F10 020:661.888 - 0.577ms returns FALSE
T23FC 020:684.064 JLINK_IsHalted()
T23FC 020:684.688 - 0.670ms returns FALSE
T23FC 020:684.757 JLINK_IsHalted()
T23FC 020:685.252 - 0.541ms returns FALSE
T23FC 020:793.784 JLINK_IsHalted()
T23FC 020:794.386 - 0.648ms returns FALSE
T23FC 020:794.455 JLINK_IsHalted()
T23FC 020:794.889 - 0.480ms returns FALSE
T23FC 020:902.826 JLINK_IsHalted()
T23FC 020:903.443 - 0.663ms returns FALSE
T23FC 020:903.513 JLINK_IsHalted()
T23FC 020:904.160 - 0.693ms returns FALSE
T23FC 021:013.145 JLINK_IsHalted()
T23FC 021:013.779 - 0.686ms returns FALSE
T23FC 021:013.854 JLINK_IsHalted()
T23FC 021:014.340 - 0.532ms returns FALSE
T23FC 021:122.498 JLINK_IsHalted()
T23FC 021:123.225 - 0.784ms returns FALSE
T23FC 021:123.306 JLINK_IsHalted()
T23FC 021:123.828 - 0.573ms returns FALSE
T23FC 021:232.111 JLINK_IsHalted()
T23FC 021:232.738 - 0.680ms returns FALSE
T23FC 021:232.815 JLINK_IsHalted()
T23FC 021:233.321 - 0.575ms returns FALSE
T23FC 021:340.693 JLINK_IsHalted()
T23FC 021:341.207 - 0.559ms returns FALSE
T23FC 021:341.275 JLINK_IsHalted()
T23FC 021:341.737 - 0.503ms returns FALSE
T23FC 021:449.844 JLINK_IsHalted()
T23FC 021:450.468 - 0.675ms returns FALSE
T23FC 021:450.544 JLINK_IsHalted()
T23FC 021:451.133 - 0.641ms returns FALSE
T23FC 021:559.383 JLINK_IsHalted()
T23FC 021:560.049 - 0.951ms returns FALSE
T23FC 021:560.382 JLINK_IsHalted()
T23FC 021:560.906 - 0.595ms returns FALSE
T3F10 021:662.366 JLINK_IsHalted()
T3F10 021:662.978 - 0.660ms returns FALSE
T3F10 021:663.049 JLINK_IsHalted()
T3F10 021:663.446 - 0.438ms returns FALSE
T23FC 021:668.600 JLINK_IsHalted()
T23FC 021:669.198 - 0.644ms returns FALSE
T23FC 021:669.267 JLINK_IsHalted()
T23FC 021:669.737 - 0.516ms returns FALSE
T23FC 021:778.214 JLINK_IsHalted()
T23FC 021:778.814 - 0.664ms returns FALSE
T23FC 021:778.901 JLINK_IsHalted()
T23FC 021:779.376 - 0.527ms returns FALSE
T23FC 021:887.518 JLINK_IsHalted()
T23FC 021:888.156 - 0.691ms returns FALSE
T23FC 021:888.250 JLINK_IsHalted()
T23FC 021:888.742 - 0.538ms returns FALSE
T23FC 021:997.108 JLINK_IsHalted()
T23FC 021:997.711 - 0.650ms returns FALSE
T23FC 021:997.780 JLINK_IsHalted()
T23FC 021:998.545 - 0.849ms returns FALSE
T23FC 022:107.101 JLINK_IsHalted()
T23FC 022:107.575 - 0.511ms returns FALSE
T23FC 022:107.639 JLINK_IsHalted()
T23FC 022:108.203 - 0.630ms returns FALSE
T23FC 022:215.525 JLINK_IsHalted()
T23FC 022:216.173 - 0.710ms returns FALSE
T23FC 022:216.264 JLINK_IsHalted()
T23FC 022:216.741 - 0.527ms returns FALSE
T23FC 022:325.299 JLINK_IsHalted()
T23FC 022:326.053 - 0.814ms returns FALSE
T23FC 022:326.148 JLINK_IsHalted()
T23FC 022:326.606 - 0.498ms returns FALSE
T23FC 022:434.938 JLINK_IsHalted()
T23FC 022:435.552 - 0.665ms returns FALSE
T23FC 022:435.629 JLINK_IsHalted()
T23FC 022:436.118 - 0.535ms returns FALSE
T23FC 022:543.841 JLINK_IsHalted()
T23FC 022:544.443 - 0.642ms returns FALSE
T23FC 022:544.512 JLINK_IsHalted()
T23FC 022:545.068 - 0.600ms returns FALSE
T23FC 022:654.017 JLINK_IsHalted()
T23FC 022:654.670 - 0.696ms returns FALSE
T23FC 022:654.738 JLINK_IsHalted()
T23FC 022:655.216 - 0.529ms returns FALSE
T3F10 022:664.302 JLINK_IsHalted()
T3F10 022:665.044 - 0.790ms returns FALSE
T3F10 022:665.124 JLINK_IsHalted()
T3F10 022:665.557 - 0.470ms returns FALSE
T23FC 022:763.181 JLINK_IsHalted()
T23FC 022:763.877 - 0.741ms returns FALSE
T23FC 022:763.944 JLINK_IsHalted()
T23FC 022:764.504 - 0.616ms returns FALSE
T23FC 022:871.870 JLINK_IsHalted()
T23FC 022:872.484 - 0.660ms returns FALSE
T23FC 022:872.554 JLINK_IsHalted()
T23FC 022:873.045 - 0.537ms returns FALSE
T23FC 022:982.024 JLINK_IsHalted()
T23FC 022:982.566 - 0.593ms returns FALSE
T23FC 022:982.639 JLINK_IsHalted()
T23FC 022:983.088 - 0.493ms returns FALSE
T23FC 023:090.523 JLINK_IsHalted()
T23FC 023:091.222 - 0.743ms returns FALSE
T23FC 023:091.287 JLINK_IsHalted()
T23FC 023:091.864 - 0.620ms returns FALSE
T23FC 023:199.999 JLINK_IsHalted()
T23FC 023:200.725 - 0.770ms returns FALSE
T23FC 023:200.800 JLINK_IsHalted()
T23FC 023:201.288 - 0.537ms returns FALSE
T23FC 023:310.326 JLINK_IsHalted()
T23FC 023:310.941 - 0.653ms returns FALSE
T23FC 023:311.020 JLINK_IsHalted()
T23FC 023:311.395 - 0.402ms returns FALSE
T23FC 023:419.131 JLINK_IsHalted()
T23FC 023:419.700 - 0.621ms returns FALSE
T23FC 023:419.775 JLINK_IsHalted()
T23FC 023:420.201 - 0.471ms returns FALSE
T23FC 023:527.816 JLINK_IsHalted()
T23FC 023:528.385 - 0.607ms returns FALSE
T23FC 023:528.452 JLINK_IsHalted()
T23FC 023:528.822 - 0.401ms returns FALSE
T23FC 023:637.141 JLINK_IsHalted()
T23FC 023:637.780 - 0.685ms returns FALSE
T23FC 023:637.849 JLINK_IsHalted()
T23FC 023:638.330 - 0.526ms returns FALSE
T3F10 023:666.624 JLINK_IsHalted()
T3F10 023:667.369 - 0.797ms returns FALSE
T3F10 023:667.447 JLINK_IsHalted()
T3F10 023:667.974 - 0.572ms returns FALSE
T23FC 023:747.318 JLINK_IsHalted()
T23FC 023:747.860 - 0.584ms returns FALSE
T23FC 023:747.924 JLINK_IsHalted()
T23FC 023:748.512 - 0.635ms returns FALSE
T23FC 023:857.077 JLINK_IsHalted()
T23FC 023:857.778 - 0.745ms returns FALSE
T23FC 023:857.843 JLINK_IsHalted()
T23FC 023:858.402 - 0.601ms returns FALSE
T23FC 023:965.920 JLINK_IsHalted()
T23FC 023:966.535 - 0.660ms returns FALSE
T23FC 023:966.604 JLINK_IsHalted()
T23FC 023:967.129 - 0.595ms returns FALSE
T23FC 024:074.868 JLINK_IsHalted()
T23FC 024:075.501 - 0.679ms returns FALSE
T23FC 024:075.570 JLINK_IsHalted()
T23FC 024:076.130 - 0.606ms returns FALSE
T23FC 024:184.369 JLINK_IsHalted()
T23FC 024:184.917 - 0.590ms returns FALSE
T23FC 024:184.980 JLINK_IsHalted()
T23FC 024:185.482 - 0.544ms returns FALSE
T23FC 024:293.986 JLINK_IsHalted()
T23FC 024:294.585 - 0.641ms returns FALSE
T23FC 024:294.716 JLINK_IsHalted()
T23FC 024:295.205 - 0.569ms returns FALSE
T23FC 024:403.668 JLINK_IsHalted()
T23FC 024:404.196 - 0.572ms returns FALSE
T23FC 024:404.265 JLINK_IsHalted()
T23FC 024:404.831 - 0.612ms returns FALSE
T23FC 024:512.858 JLINK_IsHalted()
T23FC 024:513.668 - 0.863ms returns FALSE
T23FC 024:513.749 JLINK_IsHalted()
T23FC 024:514.244 - 0.521ms returns FALSE
T23FC 024:622.581 JLINK_IsHalted()
T23FC 024:623.186 - 0.651ms returns FALSE
T23FC 024:623.254 JLINK_IsHalted()
T23FC 024:623.823 - 0.615ms returns FALSE
T3F10 024:669.390 JLINK_IsHalted()
T3F10 024:670.082 - 0.780ms returns FALSE
T3F10 024:670.195 JLINK_IsHalted()
T3F10 024:670.847 - 0.739ms returns FALSE
T23FC 024:731.509 JLINK_IsHalted()
T23FC 024:732.152 - 0.687ms returns FALSE
T23FC 024:732.217 JLINK_IsHalted()
T23FC 024:732.716 - 0.541ms returns FALSE
T23FC 024:840.726 JLINK_IsHalted()
T23FC 024:841.325 - 0.648ms returns FALSE
T23FC 024:841.395 JLINK_IsHalted()
T23FC 024:841.908 - 0.555ms returns FALSE
T23FC 024:950.962 JLINK_IsHalted()
T23FC 024:951.567 - 0.651ms returns FALSE
T23FC 024:951.636 JLINK_IsHalted()
T23FC 024:952.211 - 0.626ms returns FALSE
T23FC 025:060.027 JLINK_IsHalted()
T23FC 025:060.647 - 0.667ms returns FALSE
T23FC 025:060.716 JLINK_IsHalted()
T23FC 025:061.199 - 0.529ms returns FALSE
T23FC 025:169.243 JLINK_IsHalted()
T23FC 025:169.870 - 0.678ms returns FALSE
T23FC 025:169.944 JLINK_IsHalted()
T23FC 025:170.425 - 0.674ms returns FALSE
T23FC 025:278.274 JLINK_IsHalted()
T23FC 025:278.931 - 0.700ms returns FALSE
T23FC 025:278.994 JLINK_IsHalted()
T23FC 025:279.500 - 0.550ms returns FALSE
T23FC 025:387.712 JLINK_IsHalted()
T23FC 025:388.326 - 0.668ms returns FALSE
T23FC 025:388.404 JLINK_IsHalted()
T23FC 025:388.836 - 0.484ms returns FALSE
T23FC 025:496.577 JLINK_IsHalted()
T23FC 025:497.213 - 0.679ms returns FALSE
T23FC 025:497.285 JLINK_IsHalted()
T23FC 025:497.710 - 0.457ms returns FALSE
T23FC 025:606.910 JLINK_IsHalted()
T23FC 025:607.578 - 0.711ms returns FALSE
T23FC 025:607.642 JLINK_IsHalted()
T23FC 025:608.201 - 0.601ms returns FALSE
T3F10 025:672.460 JLINK_IsHalted()
T3F10 025:673.083 - 0.682ms returns FALSE
T3F10 025:673.175 JLINK_IsHalted()
T3F10 025:673.741 - 0.613ms returns FALSE
T23FC 025:715.634 JLINK_IsHalted()
T23FC 025:716.274 - 0.674ms returns FALSE
T23FC 025:716.333 JLINK_IsHalted()
T23FC 025:716.720 - 0.410ms returns FALSE
T23FC 025:824.849 JLINK_IsHalted()
T23FC 025:825.532 - 0.725ms returns FALSE
T23FC 025:825.595 JLINK_IsHalted()
T23FC 025:826.279 - 0.728ms returns FALSE
T23FC 025:934.140 JLINK_IsHalted()
T23FC 025:934.750 - 0.656ms returns FALSE
T23FC 025:934.819 JLINK_IsHalted()
T23FC 025:935.331 - 0.557ms returns FALSE
T23FC 026:043.963 JLINK_IsHalted()
T23FC 026:044.672 - 0.757ms returns FALSE
T23FC 026:044.743 JLINK_IsHalted()
T23FC 026:045.231 - 0.530ms returns FALSE
T23FC 026:153.684 JLINK_IsHalted()
T23FC 026:154.192 - 0.553ms returns FALSE
T23FC 026:154.264 JLINK_IsHalted()
T23FC 026:154.726 - 0.511ms returns FALSE
T23FC 026:262.182 JLINK_IsHalted()
T23FC 026:262.855 - 0.719ms returns FALSE
T23FC 026:262.936 JLINK_IsHalted()
T23FC 026:263.538 - 0.645ms returns FALSE
T23FC 026:372.698 JLINK_IsHalted()
T23FC 026:373.347 - 0.699ms returns FALSE
T23FC 026:373.423 JLINK_IsHalted()
T23FC 026:373.971 - 0.608ms returns FALSE
T23FC 026:481.206 JLINK_IsHalted()
T23FC 026:481.868 - 0.703ms returns FALSE
T23FC 026:481.936 JLINK_IsHalted()
T23FC 026:482.370 - 0.474ms returns FALSE
T23FC 026:591.477 JLINK_IsHalted()
T23FC 026:592.105 - 0.675ms returns FALSE
T23FC 026:592.174 JLINK_IsHalted()
T23FC 026:592.651 - 0.523ms returns FALSE
T3F10 026:675.044 JLINK_IsHalted()
T3F10 026:675.639 - 0.644ms returns FALSE
T3F10 026:675.722 JLINK_IsHalted()
T3F10 026:676.207 - 0.535ms returns FALSE
T23FC 026:699.941 JLINK_IsHalted()
T23FC 026:700.517 - 0.627ms returns FALSE
T23FC 026:700.593 JLINK_IsHalted()
T23FC 026:701.078 - 0.546ms returns FALSE
T23FC 026:810.188 JLINK_IsHalted()
T23FC 026:810.812 - 0.666ms returns FALSE
T23FC 026:810.875 JLINK_IsHalted()
T23FC 026:811.374 - 0.542ms returns FALSE
T23FC 026:919.093 JLINK_IsHalted()
T23FC 026:919.722 - 0.681ms returns FALSE
T23FC 026:919.797 JLINK_IsHalted()
T23FC 026:920.286 - 0.554ms returns FALSE
T23FC 027:028.354 JLINK_IsHalted()
T23FC 027:028.968 - 0.656ms returns FALSE
T23FC 027:029.031 JLINK_IsHalted()
T23FC 027:029.494 - 0.505ms returns FALSE
T23FC 027:138.364 JLINK_IsHalted()
T23FC 027:139.034 - 0.708ms returns FALSE
T23FC 027:139.102 JLINK_IsHalted()
T23FC 027:139.571 - 0.516ms returns FALSE
T23FC 027:247.478 JLINK_IsHalted()
T23FC 027:249.091 - 1.667ms returns FALSE
T23FC 027:249.181 JLINK_IsHalted()
T23FC 027:249.660 - 0.515ms returns FALSE
T23FC 027:357.072 JLINK_IsHalted()
T23FC 027:357.771 - 0.745ms returns FALSE
T23FC 027:357.841 JLINK_IsHalted()
T23FC 027:358.429 - 0.637ms returns FALSE
T23FC 027:465.624 JLINK_IsHalted()
T23FC 027:466.073 - 0.487ms returns FALSE
T23FC 027:466.130 JLINK_IsHalted()
T23FC 027:466.514 - 0.419ms returns FALSE
T23FC 027:575.330 JLINK_IsHalted()
T23FC 027:575.866 - 0.589ms returns FALSE
T23FC 027:575.949 JLINK_IsHalted()
T23FC 027:576.367 - 0.452ms returns FALSE
T3F10 027:677.954 JLINK_IsHalted()
T3F10 027:678.492 - 0.580ms returns FALSE
T3F10 027:678.554 JLINK_IsHalted()
T3F10 027:678.973 - 0.464ms returns FALSE
T23FC 027:685.024 JLINK_IsHalted()
T23FC 027:685.591 - 0.603ms returns FALSE
T23FC 027:685.646 JLINK_IsHalted()
T23FC 027:686.133 - 0.523ms returns FALSE
T23FC 027:794.398 JLINK_IsHalted()
T23FC 027:795.113 - 0.756ms returns FALSE
T23FC 027:795.174 JLINK_IsHalted()
T23FC 027:795.753 - 0.620ms returns FALSE
T23FC 027:903.774 JLINK_IsHalted()
T23FC 027:904.327 - 0.600ms returns FALSE
T23FC 027:904.396 JLINK_IsHalted()
T23FC 027:904.814 - 0.463ms returns FALSE
T23FC 028:012.422 JLINK_IsHalted()
T23FC 028:013.233 - 0.851ms returns FALSE
T23FC 028:013.303 JLINK_IsHalted()
T23FC 028:013.702 - 0.424ms returns FALSE
T23FC 028:122.458 JLINK_IsHalted()
T23FC 028:123.109 - 0.695ms returns FALSE
T23FC 028:123.173 JLINK_IsHalted()
T23FC 028:123.714 - 0.590ms returns FALSE
T23FC 028:231.311 JLINK_IsHalted()
T23FC 028:232.157 - 0.939ms returns FALSE
T23FC 028:232.279 JLINK_IsHalted()
T23FC 028:232.899 - 0.689ms returns FALSE
T23FC 028:341.069 JLINK_IsHalted()
T23FC 028:341.713 - 0.695ms returns FALSE
T23FC 028:341.788 JLINK_IsHalted()
T23FC 028:342.304 - 0.566ms returns FALSE
T23FC 028:450.644 JLINK_IsHalted()
T23FC 028:451.432 - 0.842ms returns FALSE
T23FC 028:451.511 JLINK_IsHalted()
T23FC 028:452.107 - 0.647ms returns FALSE
T23FC 028:560.063 JLINK_IsHalted()
T23FC 028:560.645 - 0.627ms returns FALSE
T23FC 028:560.713 JLINK_IsHalted()
T23FC 028:561.218 - 0.554ms returns FALSE
T23FC 028:668.774 JLINK_IsHalted()
T23FC 028:669.415 - 0.693ms returns FALSE
T23FC 028:669.493 JLINK_IsHalted()
T23FC 028:670.121 - 0.678ms returns FALSE
T3F10 028:679.683 JLINK_IsHalted()
T3F10 028:680.264 - 0.635ms returns FALSE
T3F10 028:680.344 JLINK_IsHalted()
T3F10 028:680.851 - 0.557ms returns FALSE
T23FC 028:778.273 JLINK_IsHalted()
T23FC 028:778.973 - 0.742ms returns FALSE
T23FC 028:779.055 JLINK_IsHalted()
T23FC 028:779.657 - 0.645ms returns FALSE
T23FC 028:887.647 JLINK_IsHalted()
T23FC 028:888.290 - 0.689ms returns FALSE
T23FC 028:888.359 JLINK_IsHalted()
T23FC 028:888.944 - 0.639ms returns FALSE
T23FC 028:997.669 JLINK_IsHalted()
T23FC 028:998.321 - 0.699ms returns FALSE
T23FC 028:998.390 JLINK_IsHalted()
T23FC 028:998.792 - 0.443ms returns FALSE
T23FC 029:106.333 JLINK_IsHalted()
T23FC 029:106.952 - 0.665ms returns FALSE
T23FC 029:107.021 JLINK_IsHalted()
T23FC 029:107.508 - 0.534ms returns FALSE
T23FC 029:215.500 JLINK_IsHalted()
T23FC 029:216.114 - 0.655ms returns FALSE
T23FC 029:216.177 JLINK_IsHalted()
T23FC 029:216.644 - 0.519ms returns FALSE
T23FC 029:325.004 JLINK_IsHalted()
T23FC 029:325.624 - 0.666ms returns FALSE
T23FC 029:325.693 JLINK_IsHalted()
T23FC 029:326.181 - 0.533ms returns FALSE
T23FC 029:434.397 JLINK_IsHalted()
T23FC 029:435.059 - 0.716ms returns FALSE
T23FC 029:435.139 JLINK_IsHalted()
T23FC 029:435.621 - 0.530ms returns FALSE
T23FC 029:544.297 JLINK_IsHalted()
T23FC 029:544.752 - 0.489ms returns FALSE
T23FC 029:544.813 JLINK_IsHalted()
T23FC 029:545.165 - 0.377ms returns FALSE
T23FC 029:652.893 JLINK_IsHalted()
T23FC 029:653.507 - 0.659ms returns FALSE
T23FC 029:653.575 JLINK_IsHalted()
T23FC 029:654.100 - 0.590ms returns FALSE
T3F10 029:682.889 JLINK_IsHalted()
T3F10 029:683.484 - 0.736ms returns FALSE
T3F10 029:683.666 JLINK_IsHalted()
T3F10 029:684.086 - 0.463ms returns FALSE
T23FC 029:762.710 JLINK_IsHalted()
T23FC 029:763.415 - 0.753ms returns FALSE
T23FC 029:763.499 JLINK_IsHalted()
T23FC 029:764.003 - 0.549ms returns FALSE
T23FC 029:872.313 JLINK_IsHalted()
T23FC 029:872.950 - 0.684ms returns FALSE
T23FC 029:873.019 JLINK_IsHalted()
T23FC 029:873.504 - 0.531ms returns FALSE
T23FC 029:981.048 JLINK_IsHalted()
T23FC 029:981.652 - 0.650ms returns FALSE
T23FC 029:981.721 JLINK_IsHalted()
T23FC 029:982.208 - 0.532ms returns FALSE
T23FC 030:091.116 JLINK_IsHalted()
T23FC 030:091.741 - 0.676ms returns FALSE
T23FC 030:091.817 JLINK_IsHalted()
T23FC 030:092.306 - 0.573ms returns FALSE
T23FC 030:200.540 JLINK_IsHalted()
T23FC 030:201.223 - 0.736ms returns FALSE
T23FC 030:201.307 JLINK_IsHalted()
T23FC 030:201.752 - 0.498ms returns FALSE
T23FC 030:309.789 JLINK_IsHalted()
T23FC 030:310.479 - 0.737ms returns FALSE
T23FC 030:310.549 JLINK_IsHalted()
T23FC 030:311.088 - 0.585ms returns FALSE
T23FC 030:419.100 JLINK_IsHalted()
T23FC 030:419.685 - 0.626ms returns FALSE
T23FC 030:419.833 JLINK_IsHalted()
T23FC 030:420.330 - 0.543ms returns FALSE
T23FC 030:528.749 JLINK_IsHalted()
T23FC 030:529.356 - 0.653ms returns FALSE
T23FC 030:529.425 JLINK_IsHalted()
T23FC 030:529.913 - 0.533ms returns FALSE
T23FC 030:637.170 JLINK_IsHalted()
T23FC 030:637.770 - 0.647ms returns FALSE
T23FC 030:637.840 JLINK_IsHalted()
T23FC 030:638.325 - 0.530ms returns FALSE
T3F10 030:685.522 JLINK_IsHalted()
T3F10 030:686.210 - 0.734ms returns FALSE
T3F10 030:686.286 JLINK_IsHalted()
T3F10 030:686.732 - 0.482ms returns FALSE
T23FC 030:746.862 JLINK_IsHalted()
T23FC 030:747.344 - 0.506ms returns FALSE
T23FC 030:747.391 JLINK_IsHalted()
T23FC 030:747.712 - 0.342ms returns FALSE
T23FC 030:856.349 JLINK_IsHalted()
T23FC 030:856.831 - 0.525ms returns FALSE
T23FC 030:856.896 JLINK_IsHalted()
T23FC 030:857.357 - 0.503ms returns FALSE
T23FC 030:965.835 JLINK_IsHalted()
T23FC 030:966.443 - 0.654ms returns FALSE
T23FC 030:966.512 JLINK_IsHalted()
T23FC 030:966.999 - 0.533ms returns FALSE
T23FC 031:075.589 JLINK_IsHalted()
T23FC 031:076.228 - 0.708ms returns FALSE
T23FC 031:076.321 JLINK_IsHalted()
T23FC 031:076.821 - 0.547ms returns FALSE
T23FC 031:184.025 JLINK_IsHalted()
T23FC 031:184.655 - 0.677ms returns FALSE
T23FC 031:184.737 JLINK_IsHalted()
T23FC 031:185.318 - 0.635ms returns FALSE
T23FC 031:294.205 JLINK_IsHalted()
T23FC 031:294.929 - 0.771ms returns FALSE
T23FC 031:295.010 JLINK_IsHalted()
T23FC 031:295.520 - 0.566ms returns FALSE
T23FC 031:403.736 JLINK_IsHalted()
T23FC 031:404.435 - 0.735ms returns FALSE
T23FC 031:404.492 JLINK_IsHalted()
T23FC 031:405.091 - 0.644ms returns FALSE
T23FC 031:513.270 JLINK_IsHalted()
T23FC 031:513.889 - 0.670ms returns FALSE
T23FC 031:513.965 JLINK_IsHalted()
T23FC 031:514.466 - 0.550ms returns FALSE
T23FC 031:622.118 JLINK_IsHalted()
T23FC 031:622.728 - 0.652ms returns FALSE
T23FC 031:622.791 JLINK_IsHalted()
T23FC 031:623.258 - 0.509ms returns FALSE
T3F10 031:687.340 JLINK_IsHalted()
T3F10 031:687.892 - 0.593ms returns FALSE
T3F10 031:687.961 JLINK_IsHalted()
T3F10 031:688.338 - 0.416ms returns FALSE
T23FC 031:731.004 JLINK_IsHalted()
T23FC 031:731.610 - 0.652ms returns FALSE
T23FC 031:731.679 JLINK_IsHalted()
T23FC 031:732.165 - 0.532ms returns FALSE
T23FC 031:840.868 JLINK_IsHalted()
T23FC 031:841.490 - 0.664ms returns FALSE
T23FC 031:841.554 JLINK_IsHalted()
T23FC 031:842.057 - 0.562ms returns FALSE
T23FC 031:949.989 JLINK_IsHalted()
T23FC 031:950.616 - 0.679ms returns FALSE
T23FC 031:950.692 JLINK_IsHalted()
T23FC 031:951.179 - 0.531ms returns FALSE
T23FC 032:059.389 JLINK_IsHalted()
T23FC 032:059.982 - 0.640ms returns FALSE
T23FC 032:060.051 JLINK_IsHalted()
T23FC 032:060.645 - 0.639ms returns FALSE
T23FC 032:168.604 JLINK_IsHalted()
T23FC 032:169.161 - 0.604ms returns FALSE
T23FC 032:169.231 JLINK_IsHalted()
T23FC 032:169.814 - 0.629ms returns FALSE
T23FC 032:278.094 JLINK_IsHalted()
T23FC 032:278.714 - 0.666ms returns FALSE
T23FC 032:278.783 JLINK_IsHalted()
T23FC 032:279.277 - 0.540ms returns FALSE
T23FC 032:387.973 JLINK_IsHalted()
T23FC 032:388.624 - 0.693ms returns FALSE
T23FC 032:388.694 JLINK_IsHalted()
T23FC 032:389.093 - 0.440ms returns FALSE
T23FC 032:496.712 JLINK_IsHalted()
T23FC 032:497.313 - 0.647ms returns FALSE
T23FC 032:497.382 JLINK_IsHalted()
T23FC 032:497.872 - 0.535ms returns FALSE
T23FC 032:606.677 JLINK_IsHalted()
T23FC 032:607.176 - 0.546ms returns FALSE
T23FC 032:607.245 JLINK_IsHalted()
T23FC 032:607.689 - 0.532ms returns FALSE
T3F10 032:689.251 JLINK_IsHalted()
T3F10 032:689.851 - 0.644ms returns FALSE
T3F10 032:689.925 JLINK_IsHalted()
T3F10 032:690.447 - 0.561ms returns FALSE
T23FC 032:715.952 JLINK_IsHalted()
T23FC 032:716.633 - 0.717ms returns FALSE
T23FC 032:716.697 JLINK_IsHalted()
T23FC 032:717.057 - 0.384ms returns FALSE
T23FC 032:824.778 JLINK_IsHalted()
T23FC 032:825.384 - 0.648ms returns FALSE
T23FC 032:825.448 JLINK_IsHalted()
T23FC 032:825.920 - 0.515ms returns FALSE
T23FC 032:934.337 JLINK_IsHalted()
T23FC 032:934.927 - 0.636ms returns FALSE
T23FC 032:934.996 JLINK_IsHalted()
T23FC 032:935.513 - 0.572ms returns FALSE
T23FC 033:044.436 JLINK_IsHalted()
T23FC 033:044.991 - 0.606ms returns FALSE
T23FC 033:045.067 JLINK_IsHalted()
T23FC 033:045.565 - 0.550ms returns FALSE
T23FC 033:153.399 JLINK_IsHalted()
T23FC 033:154.075 - 0.715ms returns FALSE
T23FC 033:154.134 JLINK_IsHalted()
T23FC 033:154.682 - 0.614ms returns FALSE
T23FC 033:262.669 JLINK_IsHalted()
T23FC 033:263.286 - 0.664ms returns FALSE
T23FC 033:263.355 JLINK_IsHalted()
T23FC 033:263.902 - 0.593ms returns FALSE
T23FC 033:371.686 JLINK_IsHalted()
T23FC 033:372.315 - 0.668ms returns FALSE
T23FC 033:372.380 JLINK_IsHalted()
T23FC 033:373.239 - 0.992ms returns FALSE
T23FC 033:481.844 JLINK_IsHalted()
T23FC 033:482.467 - 0.680ms returns FALSE
T23FC 033:482.548 JLINK_IsHalted()
T23FC 033:483.133 - 0.632ms returns FALSE
T23FC 033:591.340 JLINK_IsHalted()
T23FC 033:591.946 - 0.654ms returns FALSE
T23FC 033:592.017 JLINK_IsHalted()
T23FC 033:592.517 - 0.547ms returns FALSE
T3F10 033:691.102 JLINK_IsHalted()
T3F10 033:691.717 - 0.670ms returns FALSE
T3F10 033:691.804 JLINK_IsHalted()
T3F10 033:692.200 - 0.442ms returns FALSE
T23FC 033:700.691 JLINK_IsHalted()
T23FC 033:701.302 - 0.660ms returns FALSE
T23FC 033:701.375 JLINK_IsHalted()
T23FC 033:701.859 - 0.531ms returns FALSE
T23FC 033:810.169 JLINK_IsHalted()
T23FC 033:810.796 - 0.673ms returns FALSE
T23FC 033:810.865 JLINK_IsHalted()
T23FC 033:811.438 - 0.631ms returns FALSE
T23FC 033:918.765 JLINK_IsHalted()
T23FC 033:919.460 - 0.742ms returns FALSE
T23FC 033:919.530 JLINK_IsHalted()
T23FC 033:920.044 - 0.560ms returns FALSE
T23FC 034:028.778 JLINK_IsHalted()
T23FC 034:029.435 - 0.704ms returns FALSE
T23FC 034:029.504 JLINK_IsHalted()
T23FC 034:030.015 - 0.556ms returns FALSE
T23FC 034:137.897 JLINK_IsHalted()
T23FC 034:138.422 - 0.562ms returns FALSE
T23FC 034:138.487 JLINK_IsHalted()
T23FC 034:138.993 - 0.549ms returns FALSE
T23FC 034:247.813 JLINK_IsHalted()
T23FC 034:248.420 - 0.653ms returns FALSE
T23FC 034:248.489 JLINK_IsHalted()
T23FC 034:248.970 - 0.527ms returns FALSE
T23FC 034:356.125 JLINK_IsHalted()
T23FC 034:356.750 - 0.662ms returns FALSE
T23FC 034:356.816 JLINK_IsHalted()
T23FC 034:357.200 - 0.412ms returns FALSE
T23FC 034:465.305 JLINK_IsHalted()
T23FC 034:465.953 - 0.712ms returns FALSE
T23FC 034:466.041 JLINK_IsHalted()
T23FC 034:466.519 - 0.525ms returns FALSE
T23FC 034:575.017 JLINK_IsHalted()
T23FC 034:575.658 - 0.692ms returns FALSE
T23FC 034:575.734 JLINK_IsHalted()
T23FC 034:576.288 - 0.616ms returns FALSE
T23FC 034:684.893 JLINK_IsHalted()
T23FC 034:685.521 - 0.673ms returns FALSE
T23FC 034:685.590 JLINK_IsHalted()
T23FC 034:686.191 - 0.654ms returns FALSE
T3F10 034:693.068 JLINK_IsHalted()
T3F10 034:693.587 - 0.568ms returns FALSE
T3F10 034:693.666 JLINK_IsHalted()
T3F10 034:694.133 - 0.517ms returns FALSE
T23FC 034:793.758 JLINK_IsHalted()
T23FC 034:794.378 - 0.670ms returns FALSE
T23FC 034:794.453 JLINK_IsHalted()
T23FC 034:794.980 - 0.616ms returns FALSE
T23FC 034:903.557 JLINK_IsHalted()
T23FC 034:904.174 - 0.663ms returns FALSE
T23FC 034:904.244 JLINK_IsHalted()
T23FC 034:904.739 - 0.540ms returns FALSE
T23FC 035:012.644 JLINK_IsHalted()
T23FC 035:013.378 - 0.781ms returns FALSE
T23FC 035:013.448 JLINK_IsHalted()
T23FC 035:013.988 - 0.586ms returns FALSE
T23FC 035:122.708 JLINK_IsHalted()
T23FC 035:123.393 - 0.744ms returns FALSE
T23FC 035:123.482 JLINK_IsHalted()
T23FC 035:123.975 - 0.531ms returns FALSE
T23FC 035:231.129 JLINK_IsHalted()
T23FC 035:231.759 - 0.682ms returns FALSE
T23FC 035:231.835 JLINK_IsHalted()
T23FC 035:232.323 - 0.533ms returns FALSE
T23FC 035:340.824 JLINK_IsHalted()
T23FC 035:341.462 - 0.680ms returns FALSE
T23FC 035:341.530 JLINK_IsHalted()
T23FC 035:341.977 - 0.480ms returns FALSE
T23FC 035:450.210 JLINK_IsHalted()
T23FC 035:450.925 - 0.766ms returns FALSE
T23FC 035:451.002 JLINK_IsHalted()
T23FC 035:451.550 - 0.608ms returns FALSE
T23FC 035:559.559 JLINK_IsHalted()
T23FC 035:560.183 - 0.674ms returns FALSE
T23FC 035:560.258 JLINK_IsHalted()
T23FC 035:560.757 - 0.544ms returns FALSE
T23FC 035:668.634 JLINK_IsHalted()
T23FC 035:669.146 - 0.557ms returns FALSE
T23FC 035:669.214 JLINK_IsHalted()
T23FC 035:669.682 - 0.513ms returns FALSE
T3F10 035:695.075 JLINK_IsHalted()
T3F10 035:695.692 - 0.669ms returns FALSE
T3F10 035:695.793 JLINK_IsHalted()
T3F10 035:696.337 - 0.589ms returns FALSE
T23FC 035:778.124 JLINK_IsHalted()
T23FC 035:778.678 - 0.601ms returns FALSE
T23FC 035:778.748 JLINK_IsHalted()
T23FC 035:779.146 - 0.443ms returns FALSE
T23FC 035:887.750 JLINK_IsHalted()
T23FC 035:888.379 - 0.681ms returns FALSE
T23FC 035:888.455 JLINK_IsHalted()
T23FC 035:889.060 - 0.652ms returns FALSE
T23FC 035:997.124 JLINK_IsHalted()
T23FC 035:997.758 - 0.680ms returns FALSE
T23FC 035:997.828 JLINK_IsHalted()
T23FC 035:998.443 - 0.669ms returns FALSE
T23FC 036:106.760 JLINK_IsHalted()
T23FC 036:107.358 - 0.644ms returns FALSE
T23FC 036:107.427 JLINK_IsHalted()
T23FC 036:107.825 - 0.443ms returns FALSE
T23FC 036:215.816 JLINK_IsHalted()
T23FC 036:216.473 - 0.702ms returns FALSE
T23FC 036:216.551 JLINK_IsHalted()
T23FC 036:217.050 - 0.537ms returns FALSE
T23FC 036:325.290 JLINK_IsHalted()
T23FC 036:325.840 - 0.617ms returns FALSE
T23FC 036:325.931 JLINK_IsHalted()
T23FC 036:326.450 - 0.565ms returns FALSE
T23FC 036:434.539 JLINK_IsHalted()
T23FC 036:435.175 - 0.687ms returns FALSE
T23FC 036:435.251 JLINK_IsHalted()
T23FC 036:435.759 - 0.561ms returns FALSE
T23FC 036:543.819 JLINK_IsHalted()
T23FC 036:544.434 - 0.661ms returns FALSE
T23FC 036:544.504 JLINK_IsHalted()
T23FC 036:544.992 - 0.534ms returns FALSE
T23FC 036:652.767 JLINK_IsHalted()
T23FC 036:653.348 - 0.623ms returns FALSE
T23FC 036:653.410 JLINK_IsHalted()
T23FC 036:653.879 - 0.510ms returns FALSE
T3F10 036:697.569 JLINK_IsHalted()
T3F10 036:698.233 - 0.711ms returns FALSE
T3F10 036:698.303 JLINK_IsHalted()
T3F10 036:698.960 - 0.697ms returns FALSE
T23FC 036:762.588 JLINK_IsHalted()
T23FC 036:763.071 - 0.525ms returns FALSE
T23FC 036:763.133 JLINK_IsHalted()
T23FC 036:763.594 - 0.503ms returns FALSE
T23FC 036:872.132 JLINK_IsHalted()
T23FC 036:872.488 - 0.378ms returns FALSE
T23FC 036:872.522 JLINK_IsHalted()
T23FC 036:872.777 - 0.263ms returns FALSE
T23FC 036:981.615 JLINK_IsHalted()
T23FC 036:982.024 - 0.416ms returns FALSE
T23FC 036:982.039 JLINK_IsHalted()
T23FC 036:982.388 - 0.355ms returns FALSE
T23FC 037:090.364 JLINK_IsHalted()
T23FC 037:090.703 - 0.351ms returns FALSE
T23FC 037:090.724 JLINK_IsHalted()
T23FC 037:090.953 - 0.236ms returns FALSE
T23FC 037:200.278 JLINK_IsHalted()
T23FC 037:200.632 - 0.373ms returns FALSE
T23FC 037:200.662 JLINK_IsHalted()
T23FC 037:200.936 - 0.300ms returns FALSE
T23FC 037:309.298 JLINK_IsHalted()
T23FC 037:309.680 - 0.415ms returns FALSE
T23FC 037:309.728 JLINK_IsHalted()
T23FC 037:310.013 - 0.300ms returns FALSE
T23FC 037:418.828 JLINK_IsHalted()
T23FC 037:419.223 - 0.403ms returns FALSE
T23FC 037:419.239 JLINK_IsHalted()
T23FC 037:419.535 - 0.302ms returns FALSE
T23FC 037:528.831 JLINK_IsHalted()
T23FC 037:529.351 - 0.562ms returns FALSE
T23FC 037:529.414 JLINK_IsHalted()
T23FC 037:529.857 - 0.495ms returns FALSE
T23FC 037:637.653 JLINK_IsHalted()
T23FC 037:638.289 - 0.684ms returns FALSE
T23FC 037:638.359 JLINK_IsHalted()
T23FC 037:638.889 - 0.577ms returns FALSE
T3F10 037:699.891 JLINK_IsHalted()
T3F10 037:700.509 - 0.670ms returns FALSE
T3F10 037:700.586 JLINK_IsHalted()
T3F10 037:701.052 - 0.496ms returns FALSE
T23FC 037:747.679 JLINK_IsHalted()
T23FC 037:748.294 - 0.661ms returns FALSE
T23FC 037:748.363 JLINK_IsHalted()
T23FC 037:748.850 - 0.533ms returns FALSE
T23FC 037:856.424 JLINK_IsHalted()
T23FC 037:857.034 - 0.650ms returns FALSE
T23FC 037:857.093 JLINK_IsHalted()
T23FC 037:857.589 - 0.548ms returns FALSE
T23FC 037:965.689 JLINK_IsHalted()
T23FC 037:966.307 - 0.674ms returns FALSE
T23FC 037:966.385 JLINK_IsHalted()
T23FC 037:966.909 - 0.566ms returns FALSE
T23FC 038:074.813 JLINK_IsHalted()
T23FC 038:075.514 - 0.742ms returns FALSE
T23FC 038:075.577 JLINK_IsHalted()
T23FC 038:076.142 - 0.607ms returns FALSE
T23FC 038:184.448 JLINK_IsHalted()
T23FC 038:185.145 - 0.742ms returns FALSE
T23FC 038:185.210 JLINK_IsHalted()
T23FC 038:185.727 - 0.556ms returns FALSE
T23FC 038:293.935 JLINK_IsHalted()
T23FC 038:294.503 - 0.606ms returns FALSE
T23FC 038:294.565 JLINK_IsHalted()
T23FC 038:295.007 - 0.473ms returns FALSE
T23FC 038:403.375 JLINK_IsHalted()
T23FC 038:404.077 - 0.749ms returns FALSE
T23FC 038:404.147 JLINK_IsHalted()
T23FC 038:404.677 - 0.572ms returns FALSE
T23FC 038:512.731 JLINK_IsHalted()
T23FC 038:513.171 - 0.466ms returns FALSE
T23FC 038:513.220 JLINK_IsHalted()
T23FC 038:513.617 - 0.422ms returns FALSE
T23FC 038:621.599 JLINK_IsHalted()
T23FC 038:622.125 - 0.538ms returns FALSE
T23FC 038:622.149 JLINK_IsHalted()
T23FC 038:622.562 - 0.422ms returns FALSE
T3F10 038:701.622 JLINK_IsHalted()
T3F10 038:702.093 - 0.510ms returns FALSE
T3F10 038:702.156 JLINK_IsHalted()
T3F10 038:702.499 - 0.361ms returns FALSE
T23FC 038:730.904 JLINK_IsHalted()
T23FC 038:731.399 - 0.508ms returns FALSE
T23FC 038:731.426 JLINK_IsHalted()
T23FC 038:731.846 - 0.431ms returns FALSE
T23FC 038:840.987 JLINK_IsHalted()
T23FC 038:841.597 - 0.674ms returns FALSE
T23FC 038:841.685 JLINK_IsHalted()
T23FC 038:842.280 - 0.640ms returns FALSE
T23FC 038:950.117 JLINK_IsHalted()
T23FC 038:950.700 - 0.633ms returns FALSE
T23FC 038:950.773 JLINK_IsHalted()
T23FC 038:951.413 - 0.699ms returns FALSE
T23FC 039:059.127 JLINK_IsHalted()
T23FC 039:059.750 - 0.670ms returns FALSE
T23FC 039:059.820 JLINK_IsHalted()
T23FC 039:060.484 - 0.718ms returns FALSE
T23FC 039:169.484 JLINK_IsHalted()
T23FC 039:170.067 - 0.622ms returns FALSE
T23FC 039:170.134 JLINK_IsHalted()
T23FC 039:170.533 - 0.435ms returns FALSE
T23FC 039:278.232 JLINK_IsHalted()
T23FC 039:278.820 - 0.626ms returns FALSE
T23FC 039:278.886 JLINK_IsHalted()
T23FC 039:279.260 - 0.403ms returns FALSE
T23FC 039:387.978 JLINK_IsHalted()
T23FC 039:388.607 - 0.686ms returns FALSE
T23FC 039:388.689 JLINK_IsHalted()
T23FC 039:389.156 - 0.509ms returns FALSE
T23FC 039:496.890 JLINK_IsHalted()
T23FC 039:497.514 - 0.670ms returns FALSE
T23FC 039:497.584 JLINK_IsHalted()
T23FC 039:498.139 - 0.601ms returns FALSE
T23FC 039:606.337 JLINK_IsHalted()
T23FC 039:606.987 - 0.697ms returns FALSE
T23FC 039:607.074 JLINK_IsHalted()
T23FC 039:607.605 - 0.577ms returns FALSE
T3F10 039:703.831 JLINK_IsHalted()
T3F10 039:704.481 - 0.717ms returns FALSE
T3F10 039:704.588 JLINK_IsHalted()
T3F10 039:705.134 - 0.595ms returns FALSE
T23FC 039:715.895 JLINK_IsHalted()
T23FC 039:716.481 - 0.630ms returns FALSE
T23FC 039:716.546 JLINK_IsHalted()
T23FC 039:716.978 - 0.479ms returns FALSE
T23FC 039:825.207 JLINK_IsHalted()
T23FC 039:825.761 - 0.606ms returns FALSE
T23FC 039:825.837 JLINK_IsHalted()
T23FC 039:826.259 - 0.467ms returns FALSE
T23FC 039:934.288 JLINK_IsHalted()
T23FC 039:934.858 - 0.621ms returns FALSE
T23FC 039:934.934 JLINK_IsHalted()
T23FC 039:935.388 - 0.497ms returns FALSE
T23FC 040:044.285 JLINK_IsHalted()
T23FC 040:044.890 - 0.652ms returns FALSE
T23FC 040:044.960 JLINK_IsHalted()
T23FC 040:045.487 - 0.580ms returns FALSE
T23FC 040:153.101 JLINK_IsHalted()
T23FC 040:153.734 - 0.685ms returns FALSE
T23FC 040:153.811 JLINK_IsHalted()
T23FC 040:154.420 - 0.655ms returns FALSE
T23FC 040:262.150 JLINK_IsHalted()
T23FC 040:262.817 - 0.707ms returns FALSE
T23FC 040:262.883 JLINK_IsHalted()
T23FC 040:263.261 - 0.407ms returns FALSE
T23FC 040:371.788 JLINK_IsHalted()
T23FC 040:372.252 - 0.497ms returns FALSE
T23FC 040:372.300 JLINK_IsHalted()
T23FC 040:372.759 - 0.487ms returns FALSE
T23FC 040:481.153 JLINK_IsHalted()
T23FC 040:481.625 - 0.510ms returns FALSE
T23FC 040:481.684 JLINK_IsHalted()
T23FC 040:482.041 - 0.394ms returns FALSE
T24B0 040:525.142   
  ***** Error: Connection to emulator lost!
T23FC 040:591.395 JLINK_IsHalted()
T23FC 040:591.512 - 0.126ms returns ERROR
T23FC 040:591.539 JLINK_IsHalted()
T23FC 040:591.557 - 0.027ms returns ERROR
T382C 040:599.921 JLINK_Halt()
T382C 040:600.011 - 0.099ms returns 0x00
T382C 040:600.055 JLINK_ReadReg(XPSR)
T382C 040:600.074 - 0.026ms returns 0x00000000
T382C 040:602.885 JLINK_Close()
T382C 040:628.895 - 26.067ms
T382C 040:628.963   
T382C 040:628.987   Closed
